<?xml version="1.0" encoding="UTF-8"?>
<coverage generated="1508351538244" clover="3.2.0">
  <project timestamp="1508351538245" name="All files">
    <metrics statements="115" coveredstatements="60" conditionals="32" coveredconditionals="20" methods="55" coveredmethods="18" elements="202" coveredelements="98" complexity="0" loc="115" ncloc="115" packages="6" files="7" classes="7">
      <package name="react-native">
        <metrics statements="1" coveredstatements="1" conditionals="0" coveredconditionals="0" methods="0" coveredmethods="0"/>
        <file name="test-setup.js" path="/Users/ristomatti/PycharmProjects/near_buy/react-native/test-setup.js">
          <metrics statements="1" coveredstatements="1" conditionals="0" coveredconditionals="0" methods="0" coveredmethods="0"/>
          <line num="4" count="4" type="stmt"/>
        </file>
      </package>
      <package name="react-native.components">
        <metrics statements="89" coveredstatements="37" conditionals="26" coveredconditionals="16" methods="47" coveredmethods="14"/>
        <file name="Items.js" path="/Users/ristomatti/PycharmProjects/near_buy/react-native/components/Items.js">
          <metrics statements="34" coveredstatements="14" conditionals="6" coveredconditionals="1" methods="20" coveredmethods="6"/>
          <line num="16" count="2" type="stmt"/>
          <line num="17" count="2" type="stmt"/>
          <line num="19" count="0" type="stmt"/>
          <line num="32" count="0" type="stmt"/>
          <line num="36" count="2" type="stmt"/>
          <line num="40" count="2" type="stmt"/>
          <line num="41" count="2" type="stmt"/>
          <line num="42" count="2" type="stmt"/>
          <line num="46" count="2" type="stmt"/>
          <line num="47" count="2" type="stmt"/>
          <line num="51" count="0" type="stmt"/>
          <line num="53" count="0" type="stmt"/>
          <line num="56" count="0" type="stmt"/>
          <line num="61" count="0" type="cond" truecount="0" falsecount="2"/>
          <line num="62" count="0" type="stmt"/>
          <line num="67" count="0" type="stmt"/>
          <line num="76" count="0" type="stmt"/>
          <line num="77" count="0" type="stmt"/>
          <line num="81" count="2" type="stmt"/>
          <line num="86" count="0" type="stmt"/>
          <line num="89" count="0" type="stmt"/>
          <line num="98" count="2" type="cond" truecount="1" falsecount="1"/>
          <line num="99" count="2" type="stmt"/>
          <line num="105" count="0" type="cond" truecount="0" falsecount="2"/>
          <line num="106" count="0" type="stmt"/>
          <line num="112" count="0" type="stmt"/>
          <line num="115" count="0" type="stmt"/>
          <line num="122" count="0" type="stmt"/>
          <line num="138" count="1" type="stmt"/>
          <line num="159" count="1" type="stmt"/>
          <line num="160" count="0" type="stmt"/>
          <line num="166" count="1" type="stmt"/>
          <line num="167" count="0" type="stmt"/>
          <line num="168" count="0" type="stmt"/>
        </file>
        <file name="Login.js" path="/Users/ristomatti/PycharmProjects/near_buy/react-native/components/Login.js">
          <metrics statements="55" coveredstatements="23" conditionals="20" coveredconditionals="15" methods="27" coveredmethods="8"/>
          <line num="23" count="13" type="stmt"/>
          <line num="24" count="13" type="stmt"/>
          <line num="34" count="17" type="stmt"/>
          <line num="35" count="17" type="cond" truecount="2" falsecount="0"/>
          <line num="39" count="16" type="stmt"/>
          <line num="40" count="16" type="cond" truecount="2" falsecount="0"/>
          <line num="44" count="1" type="stmt"/>
          <line num="45" count="1" type="stmt"/>
          <line num="51" count="5" type="stmt"/>
          <line num="52" count="5" type="cond" truecount="6" falsecount="0"/>
          <line num="53" count="2" type="stmt"/>
          <line num="54" count="2" type="stmt"/>
          <line num="56" count="3" type="cond" truecount="2" falsecount="0"/>
          <line num="57" count="2" type="stmt"/>
          <line num="59" count="1" type="stmt"/>
          <line num="64" count="0" type="stmt"/>
          <line num="65" count="0" type="stmt"/>
          <line num="66" count="0" type="stmt"/>
          <line num="76" count="0" type="stmt"/>
          <line num="78" count="0" type="cond" truecount="0" falsecount="2"/>
          <line num="79" count="0" type="stmt"/>
          <line num="80" count="0" type="stmt"/>
          <line num="81" count="0" type="stmt"/>
          <line num="83" count="0" type="stmt"/>
          <line num="87" count="0" type="stmt"/>
          <line num="88" count="0" type="stmt"/>
          <line num="93" count="0" type="stmt"/>
          <line num="94" count="0" type="stmt"/>
          <line num="95" count="0" type="stmt"/>
          <line num="99" count="0" type="stmt"/>
          <line num="101" count="0" type="stmt"/>
          <line num="102" count="0" type="cond" truecount="0" falsecount="2"/>
          <line num="103" count="0" type="stmt"/>
          <line num="105" count="0" type="stmt"/>
          <line num="106" count="0" type="stmt"/>
          <line num="110" count="0" type="stmt"/>
          <line num="115" count="14" type="cond" truecount="2" falsecount="0"/>
          <line num="116" count="1" type="stmt"/>
          <line num="124" count="0" type="stmt"/>
          <line num="125" count="0" type="stmt"/>
          <line num="132" count="14" type="cond" truecount="1" falsecount="1"/>
          <line num="133" count="14" type="stmt"/>
          <line num="147" count="14" type="stmt"/>
          <line num="162" count="0" type="stmt"/>
          <line num="165" count="0" type="stmt"/>
          <line num="172" count="0" type="stmt"/>
          <line num="174" count="0" type="stmt"/>
          <line num="177" count="0" type="stmt"/>
          <line num="179" count="0" type="stmt"/>
          <line num="192" count="2" type="stmt"/>
          <line num="193" count="0" type="stmt"/>
          <line num="198" count="2" type="stmt"/>
          <line num="199" count="0" type="stmt"/>
          <line num="200" count="0" type="stmt"/>
          <line num="204" count="2" type="stmt"/>
        </file>
      </package>
      <package name="react-native.redux.actions">
        <metrics statements="6" coveredstatements="3" conditionals="0" coveredconditionals="0" methods="4" coveredmethods="0"/>
        <file name="auth.js" path="/Users/ristomatti/PycharmProjects/near_buy/react-native/redux/actions/auth.js">
          <metrics statements="6" coveredstatements="3" conditionals="0" coveredconditionals="0" methods="4" coveredmethods="0"/>
          <line num="1" count="2" type="stmt"/>
          <line num="2" count="0" type="stmt"/>
          <line num="9" count="2" type="stmt"/>
          <line num="10" count="0" type="stmt"/>
          <line num="15" count="2" type="stmt"/>
          <line num="16" count="0" type="stmt"/>
        </file>
      </package>
      <package name="react-native.redux.reducers">
        <metrics statements="5" coveredstatements="5" conditionals="4" coveredconditionals="3" methods="1" coveredmethods="1"/>
        <file name="auth.js" path="/Users/ristomatti/PycharmProjects/near_buy/react-native/redux/reducers/auth.js">
          <metrics statements="5" coveredstatements="5" conditionals="4" coveredconditionals="3" methods="1" coveredmethods="1"/>
          <line num="1" count="1" type="stmt"/>
          <line num="8" count="3" type="cond" truecount="3" falsecount="0"/>
          <line num="10" count="1" type="stmt"/>
          <line num="16" count="1" type="stmt"/>
          <line num="22" count="1" type="stmt"/>
        </file>
      </package>
      <package name="react-native.src">
        <metrics statements="9" coveredstatements="9" conditionals="0" coveredconditionals="0" methods="3" coveredmethods="3"/>
        <file name="networking.js" path="/Users/ristomatti/PycharmProjects/near_buy/react-native/src/networking.js">
          <metrics statements="9" coveredstatements="9" conditionals="0" coveredconditionals="0" methods="3" coveredmethods="3"/>
          <line num="3" count="3" type="stmt"/>
          <line num="7" count="4" type="stmt"/>
          <line num="8" count="4" type="stmt"/>
          <line num="12" count="2" type="stmt"/>
          <line num="13" count="2" type="stmt"/>
          <line num="14" count="2" type="stmt"/>
          <line num="15" count="2" type="stmt"/>
          <line num="19" count="2" type="stmt"/>
          <line num="20" count="2" type="stmt"/>
        </file>
      </package>
      <package name="react-native.src.static">
        <metrics statements="5" coveredstatements="5" conditionals="2" coveredconditionals="1" methods="0" coveredmethods="0"/>
        <file name="constants.js" path="/Users/ristomatti/PycharmProjects/near_buy/react-native/src/static/constants.js">
          <metrics statements="5" coveredstatements="5" conditionals="2" coveredconditionals="1" methods="0" coveredmethods="0"/>
          <line num="4" count="2" type="cond" truecount="1" falsecount="1"/>
          <line num="5" count="2" type="stmt"/>
          <line num="6" count="2" type="stmt"/>
          <line num="7" count="2" type="stmt"/>
          <line num="8" count="2" type="stmt"/>
        </file>
      </package>
    </metrics>
  </project>
</coverage>
