<?xml version="1.0" encoding="UTF-8"?>
<coverage generated="1520770214373" clover="3.2.0">
  <project timestamp="1520770214373" name="All files">
    <metrics statements="267" coveredstatements="242" conditionals="74" coveredconditionals="60" methods="110" coveredmethods="91" elements="451" coveredelements="393" complexity="0" loc="267" ncloc="267" packages="15" files="25" classes="25">
      <package name="react-native">
        <metrics statements="1" coveredstatements="1" conditionals="0" coveredconditionals="0" methods="0" coveredmethods="0"/>
        <file name="test-setup.js" path="/home/risto-matti/rm_projects/near_buy/react-native/test-setup.js">
          <metrics statements="1" coveredstatements="1" conditionals="0" coveredconditionals="0" methods="0" coveredmethods="0"/>
          <line num="4" count="11" type="stmt"/>
        </file>
      </package>
      <package name="react-native..config.jest">
        <metrics statements="8" coveredstatements="8" conditionals="0" coveredconditionals="0" methods="5" coveredmethods="5"/>
        <file name="globalFetch.js" path="/home/risto-matti/rm_projects/near_buy/react-native/.config/jest/globalFetch.js">
          <metrics statements="8" coveredstatements="8" conditionals="0" coveredconditionals="0" methods="5" coveredmethods="5"/>
          <line num="2" count="11" type="stmt"/>
          <line num="4" count="11" type="stmt"/>
          <line num="5" count="11" type="stmt"/>
          <line num="7" count="11" type="stmt"/>
          <line num="8" count="10" type="stmt"/>
          <line num="9" count="9" type="stmt"/>
          <line num="13" count="11" type="stmt"/>
          <line num="14" count="2" type="stmt"/>
        </file>
      </package>
      <package name="react-native.redux">
        <metrics statements="1" coveredstatements="1" conditionals="0" coveredconditionals="0" methods="0" coveredmethods="0"/>
        <file name="RootReducer.js" path="/home/risto-matti/rm_projects/near_buy/react-native/redux/RootReducer.js">
          <metrics statements="1" coveredstatements="1" conditionals="0" coveredconditionals="0" methods="0" coveredmethods="0"/>
          <line num="4" count="1" type="stmt"/>
        </file>
      </package>
      <package name="react-native.redux.actions">
        <metrics statements="4" coveredstatements="4" conditionals="0" coveredconditionals="0" methods="2" coveredmethods="2"/>
        <file name="AuthorizationAction.js" path="/home/risto-matti/rm_projects/near_buy/react-native/redux/actions/AuthorizationAction.js">
          <metrics statements="4" coveredstatements="4" conditionals="0" coveredconditionals="0" methods="2" coveredmethods="2"/>
          <line num="1" count="4" type="stmt"/>
          <line num="2" count="1" type="stmt"/>
          <line num="9" count="4" type="stmt"/>
          <line num="10" count="1" type="stmt"/>
        </file>
      </package>
      <package name="react-native.redux.constants.actionTypes">
        <metrics statements="2" coveredstatements="2" conditionals="0" coveredconditionals="0" methods="0" coveredmethods="0"/>
        <file name="ActionTypes.js" path="/home/risto-matti/rm_projects/near_buy/react-native/redux/constants/actionTypes/ActionTypes.js">
          <metrics statements="2" coveredstatements="2" conditionals="0" coveredconditionals="0" methods="0" coveredmethods="0"/>
          <line num="1" count="1" type="stmt"/>
          <line num="2" count="1" type="stmt"/>
        </file>
      </package>
      <package name="react-native.redux.reducers">
        <metrics statements="7" coveredstatements="7" conditionals="4" coveredconditionals="4" methods="1" coveredmethods="1"/>
        <file name="AuthorizationAction.js" path="/home/risto-matti/rm_projects/near_buy/react-native/redux/reducers/AuthorizationAction.js">
          <metrics statements="6" coveredstatements="6" conditionals="4" coveredconditionals="4" methods="1" coveredmethods="1"/>
          <line num="1" count="2" type="stmt"/>
          <line num="7" count="2" type="cond" truecount="1" falsecount="0"/>
          <line num="8" count="6" type="cond" truecount="3" falsecount="0"/>
          <line num="10" count="1" type="stmt"/>
          <line num="16" count="1" type="stmt"/>
          <line num="22" count="4" type="stmt"/>
        </file>
        <file name="RootReducer.js" path="/home/risto-matti/rm_projects/near_buy/react-native/redux/reducers/RootReducer.js">
          <metrics statements="1" coveredstatements="1" conditionals="0" coveredconditionals="0" methods="0" coveredmethods="0"/>
          <line num="4" count="1" type="stmt"/>
        </file>
      </package>
      <package name="react-native.src">
        <metrics statements="18" coveredstatements="15" conditionals="19" coveredconditionals="10" methods="7" coveredmethods="7"/>
        <file name="Permissions.js" path="/home/risto-matti/rm_projects/near_buy/react-native/src/Permissions.js">
          <metrics statements="18" coveredstatements="15" conditionals="19" coveredconditionals="10" methods="7" coveredmethods="7"/>
          <line num="3" count="1" type="stmt"/>
          <line num="6" count="2" type="stmt"/>
          <line num="10" count="1" type="cond" truecount="2" falsecount="2"/>
          <line num="11" count="1" type="stmt"/>
          <line num="13" count="0" type="stmt"/>
          <line num="17" count="1" type="cond" truecount="2" falsecount="2"/>
          <line num="18" count="1" type="stmt"/>
          <line num="20" count="0" type="stmt"/>
          <line num="25" count="1" type="stmt"/>
          <line num="28" count="1" type="stmt"/>
          <line num="34" count="1" type="cond" truecount="2" falsecount="2"/>
          <line num="35" count="1" type="stmt"/>
          <line num="37" count="0" type="stmt"/>
          <line num="42" count="1" type="stmt"/>
          <line num="45" count="2" type="stmt"/>
          <line num="55" count="2" type="cond" truecount="4" falsecount="0"/>
          <line num="56" count="1" type="stmt"/>
          <line num="58" count="1" type="stmt"/>
        </file>
      </package>
      <package name="react-native.src.components">
        <metrics statements="69" coveredstatements="63" conditionals="24" coveredconditionals="23" methods="31" coveredmethods="26"/>
        <file name="Login.js" path="/home/risto-matti/rm_projects/near_buy/react-native/src/components/Login.js">
          <metrics statements="69" coveredstatements="63" conditionals="24" coveredconditionals="23" methods="31" coveredmethods="26"/>
          <line num="29" count="2" type="stmt"/>
          <line num="33" count="27" type="stmt"/>
          <line num="34" count="27" type="stmt"/>
          <line num="42" count="27" type="stmt"/>
          <line num="43" count="27" type="stmt"/>
          <line num="44" count="27" type="stmt"/>
          <line num="45" count="27" type="stmt"/>
          <line num="46" count="27" type="stmt"/>
          <line num="47" count="27" type="stmt"/>
          <line num="51" count="27" type="stmt"/>
          <line num="55" count="27" type="stmt"/>
          <line num="62" count="0" type="stmt"/>
          <line num="63" count="0" type="stmt"/>
          <line num="67" count="54" type="stmt"/>
          <line num="68" count="54" type="cond" truecount="2" falsecount="0"/>
          <line num="72" count="52" type="stmt"/>
          <line num="73" count="52" type="cond" truecount="2" falsecount="0"/>
          <line num="77" count="1" type="stmt"/>
          <line num="81" count="1" type="stmt"/>
          <line num="85" count="2" type="stmt"/>
          <line num="86" count="2" type="stmt"/>
          <line num="90" count="14" type="stmt"/>
          <line num="92" count="14" type="cond" truecount="4" falsecount="0"/>
          <line num="96" count="14" type="cond" truecount="2" falsecount="0"/>
          <line num="97" count="7" type="stmt"/>
          <line num="98" count="7" type="stmt"/>
          <line num="100" count="7" type="cond" truecount="2" falsecount="0"/>
          <line num="101" count="2" type="stmt"/>
          <line num="103" count="5" type="stmt"/>
          <line num="108" count="5" type="stmt"/>
          <line num="109" count="5" type="stmt"/>
          <line num="111" count="5" type="stmt"/>
          <line num="118" count="4" type="stmt"/>
          <line num="120" count="4" type="stmt"/>
          <line num="123" count="1" type="stmt"/>
          <line num="128" count="6" type="cond" truecount="2" falsecount="0"/>
          <line num="129" count="2" type="stmt"/>
          <line num="130" count="2" type="stmt"/>
          <line num="132" count="4" type="stmt"/>
          <line num="137" count="3" type="cond" truecount="2" falsecount="0"/>
          <line num="138" count="1" type="stmt"/>
          <line num="143" count="2" type="stmt"/>
          <line num="144" count="2" type="stmt"/>
          <line num="145" count="2" type="stmt"/>
          <line num="149" count="1" type="stmt"/>
          <line num="151" count="1" type="stmt"/>
          <line num="154" count="1" type="stmt"/>
          <line num="159" count="3" type="cond" truecount="2" falsecount="0"/>
          <line num="160" count="2" type="stmt"/>
          <line num="162" count="1" type="stmt"/>
          <line num="163" count="1" type="stmt"/>
          <line num="168" count="52" type="cond" truecount="2" falsecount="0"/>
          <line num="169" count="13" type="stmt"/>
          <line num="179" count="0" type="stmt"/>
          <line num="184" count="39" type="stmt"/>
          <line num="188" count="52" type="cond" truecount="2" falsecount="0"/>
          <line num="189" count="50" type="stmt"/>
          <line num="196" count="2" type="stmt"/>
          <line num="200" count="52" type="cond" truecount="1" falsecount="1"/>
          <line num="201" count="52" type="stmt"/>
          <line num="216" count="0" type="stmt"/>
          <line num="227" count="0" type="stmt"/>
          <line num="232" count="14" type="stmt"/>
          <line num="240" count="1" type="stmt"/>
          <line num="256" count="2" type="stmt"/>
          <line num="257" count="2" type="stmt"/>
          <line num="262" count="2" type="stmt"/>
          <line num="263" count="2" type="stmt"/>
          <line num="265" count="0" type="stmt"/>
        </file>
      </package>
      <package name="react-native.src.components.items">
        <metrics statements="33" coveredstatements="22" conditionals="6" coveredconditionals="4" methods="20" coveredmethods="12"/>
        <file name="Items.js" path="/home/risto-matti/rm_projects/near_buy/react-native/src/components/items/Items.js">
          <metrics statements="32" coveredstatements="21" conditionals="6" coveredconditionals="4" methods="19" coveredmethods="11"/>
          <line num="13" count="3" type="stmt"/>
          <line num="14" count="3" type="stmt"/>
          <line num="16" count="6" type="stmt"/>
          <line num="24" count="0" type="stmt"/>
          <line num="25" count="0" type="stmt"/>
          <line num="29" count="0" type="stmt"/>
          <line num="37" count="3" type="stmt"/>
          <line num="41" count="3" type="stmt"/>
          <line num="42" count="3" type="stmt"/>
          <line num="43" count="3" type="stmt"/>
          <line num="47" count="0" type="stmt"/>
          <line num="51" count="3" type="stmt"/>
          <line num="52" count="3" type="stmt"/>
          <line num="56" count="3" type="stmt"/>
          <line num="58" count="3" type="stmt"/>
          <line num="61" count="0" type="stmt"/>
          <line num="66" count="4" type="cond" truecount="1" falsecount="1"/>
          <line num="67" count="0" type="stmt"/>
          <line num="72" count="4" type="stmt"/>
          <line num="81" count="7" type="cond" truecount="2" falsecount="0"/>
          <line num="82" count="3" type="stmt"/>
          <line num="84" count="4" type="cond" truecount="1" falsecount="1"/>
          <line num="85" count="0" type="stmt"/>
          <line num="87" count="4" type="stmt"/>
          <line num="90" count="24" type="stmt"/>
          <line num="97" count="7" type="stmt"/>
          <line num="101" count="0" type="stmt"/>
          <line num="110" count="2" type="stmt"/>
          <line num="111" count="0" type="stmt"/>
          <line num="117" count="2" type="stmt"/>
          <line num="118" count="0" type="stmt"/>
          <line num="120" count="0" type="stmt"/>
        </file>
        <file name="ListViewItem.js" path="/home/risto-matti/rm_projects/near_buy/react-native/src/components/items/ListViewItem.js">
          <metrics statements="1" coveredstatements="1" conditionals="0" coveredconditionals="0" methods="1" coveredmethods="1"/>
          <line num="7" count="25" type="stmt"/>
        </file>
      </package>
      <package name="react-native.src.components.new_item">
        <metrics statements="82" coveredstatements="77" conditionals="17" coveredconditionals="17" methods="40" coveredmethods="34"/>
        <file name="ImageRow.js" path="/home/risto-matti/rm_projects/near_buy/react-native/src/components/new_item/ImageRow.js">
          <metrics statements="22" coveredstatements="18" conditionals="6" coveredconditionals="6" methods="16" coveredmethods="11"/>
          <line num="10" count="8" type="stmt"/>
          <line num="11" count="8" type="stmt"/>
          <line num="12" count="8" type="stmt"/>
          <line num="13" count="8" type="stmt"/>
          <line num="14" count="8" type="stmt"/>
          <line num="15" count="8" type="stmt"/>
          <line num="19" count="2" type="stmt"/>
          <line num="30" count="0" type="stmt"/>
          <line num="32" count="0" type="stmt"/>
          <line num="39" count="1" type="stmt"/>
          <line num="44" count="1" type="stmt"/>
          <line num="45" count="0" type="stmt"/>
          <line num="49" count="1" type="stmt"/>
          <line num="54" count="1" type="stmt"/>
          <line num="55" count="0" type="stmt"/>
          <line num="59" count="10" type="stmt"/>
          <line num="66" count="1" type="stmt"/>
          <line num="72" count="6" type="cond" truecount="2" falsecount="0"/>
          <line num="73" count="6" type="stmt"/>
          <line num="74" count="1" type="stmt"/>
          <line num="84" count="8" type="stmt"/>
          <line num="98" count="2" type="stmt"/>
        </file>
        <file name="ItemDetails.js" path="/home/risto-matti/rm_projects/near_buy/react-native/src/components/new_item/ItemDetails.js">
          <metrics statements="21" coveredstatements="21" conditionals="2" coveredconditionals="2" methods="8" coveredmethods="8"/>
          <line num="8" count="4" type="stmt"/>
          <line num="9" count="4" type="stmt"/>
          <line num="15" count="4" type="stmt"/>
          <line num="16" count="4" type="stmt"/>
          <line num="17" count="4" type="stmt"/>
          <line num="21" count="3" type="stmt"/>
          <line num="22" count="3" type="stmt"/>
          <line num="26" count="3" type="stmt"/>
          <line num="27" count="3" type="stmt"/>
          <line num="31" count="3" type="stmt"/>
          <line num="32" count="3" type="stmt"/>
          <line num="34" count="3" type="stmt"/>
          <line num="35" count="29" type="cond" truecount="2" falsecount="0"/>
          <line num="36" count="9" type="stmt"/>
          <line num="40" count="3" type="stmt"/>
          <line num="41" count="3" type="stmt"/>
          <line num="45" count="13" type="stmt"/>
          <line num="55" count="3" type="stmt"/>
          <line num="69" count="3" type="stmt"/>
          <line num="82" count="3" type="stmt"/>
          <line num="92" count="2" type="stmt"/>
        </file>
        <file name="NewItem.js" path="/home/risto-matti/rm_projects/near_buy/react-native/src/components/new_item/NewItem.js">
          <metrics statements="39" coveredstatements="38" conditionals="9" coveredconditionals="9" methods="16" coveredmethods="15"/>
          <line num="21" count="1" type="stmt"/>
          <line num="26" count="1" type="stmt"/>
          <line num="33" count="8" type="stmt"/>
          <line num="34" count="8" type="stmt"/>
          <line num="41" count="8" type="stmt"/>
          <line num="42" count="8" type="stmt"/>
          <line num="43" count="8" type="stmt"/>
          <line num="44" count="8" type="stmt"/>
          <line num="52" count="2" type="stmt"/>
          <line num="53" count="2" type="stmt"/>
          <line num="54" count="2" type="stmt"/>
          <line num="58" count="2" type="stmt"/>
          <line num="62" count="1" type="stmt"/>
          <line num="66" count="1" type="stmt"/>
          <line num="70" count="2" type="stmt"/>
          <line num="71" count="2" type="cond" truecount="5" falsecount="0"/>
          <line num="72" count="1" type="stmt"/>
          <line num="73" count="1" type="stmt"/>
          <line num="75" count="1" type="stmt"/>
          <line num="76" count="1" type="stmt"/>
          <line num="85" count="1" type="stmt"/>
          <line num="87" count="1" type="stmt"/>
          <line num="90" count="0" type="stmt"/>
          <line num="95" count="3" type="cond" truecount="4" falsecount="0"/>
          <line num="96" count="1" type="stmt"/>
          <line num="98" count="2" type="stmt"/>
          <line num="103" count="16" type="stmt"/>
          <line num="106" count="1" type="stmt"/>
          <line num="115" count="1" type="stmt"/>
          <line num="116" count="1" type="stmt"/>
          <line num="117" count="1" type="stmt"/>
          <line num="118" count="1" type="stmt"/>
          <line num="123" count="1" type="stmt"/>
          <line num="127" count="1" type="stmt"/>
          <line num="131" count="1" type="stmt"/>
          <line num="135" count="16" type="stmt"/>
          <line num="141" count="16" type="stmt"/>
          <line num="147" count="16" type="stmt"/>
          <line num="153" count="16" type="stmt"/>
        </file>
      </package>
      <package name="react-native.src.networking">
        <metrics statements="14" coveredstatements="14" conditionals="0" coveredconditionals="0" methods="4" coveredmethods="4"/>
        <file name="networking.js" path="/home/risto-matti/rm_projects/near_buy/react-native/src/networking/networking.js">
          <metrics statements="14" coveredstatements="14" conditionals="0" coveredconditionals="0" methods="4" coveredmethods="4"/>
          <line num="1" count="3" type="stmt"/>
          <line num="3" count="3" type="stmt"/>
          <line num="8" count="3" type="stmt"/>
          <line num="9" count="6" type="stmt"/>
          <line num="10" count="6" type="stmt"/>
          <line num="13" count="3" type="stmt"/>
          <line num="14" count="4" type="stmt"/>
          <line num="15" count="4" type="stmt"/>
          <line num="16" count="4" type="stmt"/>
          <line num="17" count="4" type="stmt"/>
          <line num="20" count="3" type="stmt"/>
          <line num="21" count="7" type="stmt"/>
          <line num="22" count="7" type="stmt"/>
          <line num="25" count="5" type="stmt"/>
        </file>
      </package>
      <package name="react-native.src.static">
        <metrics statements="9" coveredstatements="9" conditionals="2" coveredconditionals="1" methods="0" coveredmethods="0"/>
        <file name="constants.js" path="/home/risto-matti/rm_projects/near_buy/react-native/src/static/constants.js">
          <metrics statements="9" coveredstatements="9" conditionals="2" coveredconditionals="1" methods="0" coveredmethods="0"/>
          <line num="3" count="7" type="stmt"/>
          <line num="5" count="7" type="cond" truecount="1" falsecount="1"/>
          <line num="6" count="7" type="stmt"/>
          <line num="7" count="7" type="stmt"/>
          <line num="9" count="7" type="stmt"/>
          <line num="10" count="7" type="stmt"/>
          <line num="11" count="7" type="stmt"/>
          <line num="12" count="7" type="stmt"/>
          <line num="13" count="7" type="stmt"/>
        </file>
      </package>
      <package name="react-native.src.static.images">
        <metrics statements="1" coveredstatements="1" conditionals="0" coveredconditionals="0" methods="0" coveredmethods="0"/>
        <file name="logo.png" path="/home/risto-matti/rm_projects/near_buy/react-native/src/static/images/logo.png">
          <metrics statements="1" coveredstatements="1" conditionals="0" coveredconditionals="0" methods="0" coveredmethods="0"/>
          <line num="1" count="7" type="stmt"/>
        </file>
      </package>
      <package name="react-native.src.static.samples">
        <metrics statements="6" coveredstatements="6" conditionals="0" coveredconditionals="0" methods="0" coveredmethods="0"/>
        <file name="ItemSample.js" path="/home/risto-matti/rm_projects/near_buy/react-native/src/static/samples/ItemSample.js">
          <metrics statements="1" coveredstatements="1" conditionals="0" coveredconditionals="0" methods="0" coveredmethods="0"/>
          <line num="1" count="2" type="stmt"/>
        </file>
        <file name="loginAndRegisteringSamples.js" path="/home/risto-matti/rm_projects/near_buy/react-native/src/static/samples/loginAndRegisteringSamples.js">
          <metrics statements="4" coveredstatements="4" conditionals="0" coveredconditionals="0" methods="0" coveredmethods="0"/>
          <line num="1" count="1" type="stmt"/>
          <line num="8" count="1" type="stmt"/>
          <line num="12" count="1" type="stmt"/>
          <line num="16" count="1" type="stmt"/>
        </file>
        <file name="mockedListViewItem.js" path="/home/risto-matti/rm_projects/near_buy/react-native/src/static/samples/mockedListViewItem.js">
          <metrics statements="1" coveredstatements="1" conditionals="0" coveredconditionals="0" methods="0" coveredmethods="0"/>
          <line num="1" count="1" type="stmt"/>
        </file>
      </package>
      <package name="react-native.src.static.styles">
        <metrics statements="12" coveredstatements="12" conditionals="2" coveredconditionals="1" methods="0" coveredmethods="0"/>
        <file name="ItemsStyles.js" path="/home/risto-matti/rm_projects/near_buy/react-native/src/static/styles/ItemsStyles.js">
          <metrics statements="1" coveredstatements="1" conditionals="0" coveredconditionals="0" methods="0" coveredmethods="0"/>
          <line num="3" count="2" type="stmt"/>
        </file>
        <file name="ListViewItemStyle.js" path="/home/risto-matti/rm_projects/near_buy/react-native/src/static/styles/ListViewItemStyle.js">
          <metrics statements="1" coveredstatements="1" conditionals="0" coveredconditionals="0" methods="0" coveredmethods="0"/>
          <line num="4" count="3" type="stmt"/>
        </file>
        <file name="LoginStyles.js" path="/home/risto-matti/rm_projects/near_buy/react-native/src/static/styles/LoginStyles.js">
          <metrics statements="3" coveredstatements="3" conditionals="0" coveredconditionals="0" methods="0" coveredmethods="0"/>
          <line num="5" count="2" type="stmt"/>
          <line num="6" count="2" type="stmt"/>
          <line num="8" count="2" type="stmt"/>
        </file>
        <file name="NewItemStyles.js" path="/home/risto-matti/rm_projects/near_buy/react-native/src/static/styles/NewItemStyles.js">
          <metrics statements="4" coveredstatements="4" conditionals="0" coveredconditionals="0" methods="0" coveredmethods="0"/>
          <line num="5" count="3" type="stmt"/>
          <line num="7" count="3" type="stmt"/>
          <line num="8" count="3" type="stmt"/>
          <line num="16" count="3" type="stmt"/>
        </file>
        <file name="baseStyles.js" path="/home/risto-matti/rm_projects/near_buy/react-native/src/static/styles/baseStyles.js">
          <metrics statements="3" coveredstatements="3" conditionals="2" coveredconditionals="1" methods="0" coveredmethods="0"/>
          <line num="3" count="5" type="stmt"/>
          <line num="4" count="5" type="stmt"/>
          <line num="6" count="5" type="cond" truecount="1" falsecount="1"/>
        </file>
      </package>
    </metrics>
  </project>
</coverage>
