{"/Users/ristomatti/PycharmProjects/near_buy/react-native/test-setup.js": {"path":"/Users/ristomatti/PycharmProjects/near_buy/react-native/test-setup.js","statementMap":{"0":{"start":{"line":4,"column":0},"end":{"line":4,"column":38}}},"fnMap":{},"branchMap":{},"s":{"0":4},"f":{},"b":{},"_coverageSchema":"332fd63041d2c1bcb487cc26dd0d5f7d97098a6c","hash":"e309f49a36e36e7b49a5219cbe9369eb1bc218a0"}
,"/Users/ristomatti/PycharmProjects/near_buy/react-native/components/Items.js": {"path":"/Users/ristomatti/PycharmProjects/near_buy/react-native/components/Items.js","statementMap":{"0":{"start":{"line":16,"column":8},"end":{"line":16,"column":21}},"1":{"start":{"line":17,"column":8},"end":{"line":23,"column":10}},"2":{"start":{"line":19,"column":47},"end":{"line":19,"column":60}},"3":{"start":{"line":32,"column":8},"end":{"line":32,"column":30}},"4":{"start":{"line":36,"column":8},"end":{"line":36,"column":25}},"5":{"start":{"line":40,"column":22},"end":{"line":40,"column":35}},"6":{"start":{"line":41,"column":8},"end":{"line":41,"column":70}},"7":{"start":{"line":42,"column":8},"end":{"line":42,"column":23}},"8":{"start":{"line":46,"column":18},"end":{"line":46,"column":64}},"9":{"start":{"line":47,"column":8},"end":{"line":57,"column":11}},"10":{"start":{"line":51,"column":28},"end":{"line":51,"column":43}},"11":{"start":{"line":53,"column":12},"end":{"line":53,"column":53}},"12":{"start":{"line":56,"column":8},"end":{"line":56,"column":29}},"13":{"start":{"line":61,"column":8},"end":{"line":72,"column":9}},"14":{"start":{"line":62,"column":8},"end":{"line":65,"column":11}},"15":{"start":{"line":67,"column":12},"end":{"line":71,"column":15}},"16":{"start":{"line":76,"column":29},"end":{"line":76,"column":50}},"17":{"start":{"line":77,"column":8},"end":{"line":77,"column":28}},"18":{"start":{"line":81,"column":8},"end":{"line":94,"column":10}},"19":{"start":{"line":86,"column":35},"end":{"line":86,"column":59}},"20":{"start":{"line":89,"column":35},"end":{"line":89,"column":52}},"21":{"start":{"line":98,"column":8},"end":{"line":104,"column":9}},"22":{"start":{"line":99,"column":12},"end":{"line":103,"column":13}},"23":{"start":{"line":105,"column":8},"end":{"line":118,"column":9}},"24":{"start":{"line":106,"column":12},"end":{"line":110,"column":14}},"25":{"start":{"line":112,"column":12},"end":{"line":117,"column":14}},"26":{"start":{"line":115,"column":39},"end":{"line":115,"column":60}},"27":{"start":{"line":122,"column":8},"end":{"line":134,"column":10}},"28":{"start":{"line":138,"column":15},"end":{"line":157,"column":2}},"29":{"start":{"line":159,"column":24},"end":{"line":164,"column":1}},"30":{"start":{"line":160,"column":4},"end":{"line":163,"column":6}},"31":{"start":{"line":166,"column":27},"end":{"line":170,"column":1}},"32":{"start":{"line":167,"column":4},"end":{"line":169,"column":5}},"33":{"start":{"line":168,"column":26},"end":{"line":168,"column":45}}},"fnMap":{"0":{"name":"(anonymous_0)","decl":{"start":{"line":15,"column":4},"end":{"line":15,"column":5}},"loc":{"start":{"line":15,"column":23},"end":{"line":24,"column":5}},"line":15},"1":{"name":"(anonymous_1)","decl":{"start":{"line":19,"column":31},"end":{"line":19,"column":32}},"loc":{"start":{"line":19,"column":47},"end":{"line":19,"column":60}},"line":19},"2":{"name":"(anonymous_2)","decl":{"start":{"line":31,"column":4},"end":{"line":31,"column":5}},"loc":{"start":{"line":31,"column":17},"end":{"line":33,"column":5}},"line":31},"3":{"name":"(anonymous_3)","decl":{"start":{"line":35,"column":4},"end":{"line":35,"column":5}},"loc":{"start":{"line":35,"column":24},"end":{"line":37,"column":5}},"line":35},"4":{"name":"(anonymous_4)","decl":{"start":{"line":39,"column":4},"end":{"line":39,"column":5}},"loc":{"start":{"line":39,"column":17},"end":{"line":43,"column":5}},"line":39},"5":{"name":"(anonymous_5)","decl":{"start":{"line":45,"column":4},"end":{"line":45,"column":5}},"loc":{"start":{"line":45,"column":16},"end":{"line":58,"column":5}},"line":45},"6":{"name":"(anonymous_6)","decl":{"start":{"line":51,"column":14},"end":{"line":51,"column":15}},"loc":{"start":{"line":51,"column":28},"end":{"line":51,"column":43}},"line":51},"7":{"name":"(anonymous_7)","decl":{"start":{"line":52,"column":14},"end":{"line":52,"column":15}},"loc":{"start":{"line":52,"column":32},"end":{"line":54,"column":9}},"line":52},"8":{"name":"(anonymous_8)","decl":{"start":{"line":55,"column":15},"end":{"line":55,"column":16}},"loc":{"start":{"line":55,"column":26},"end":{"line":57,"column":9}},"line":55},"9":{"name":"(anonymous_9)","decl":{"start":{"line":60,"column":4},"end":{"line":60,"column":5}},"loc":{"start":{"line":60,"column":40},"end":{"line":73,"column":5}},"line":60},"10":{"name":"(anonymous_10)","decl":{"start":{"line":75,"column":4},"end":{"line":75,"column":5}},"loc":{"start":{"line":75,"column":24},"end":{"line":78,"column":5}},"line":75},"11":{"name":"(anonymous_11)","decl":{"start":{"line":80,"column":4},"end":{"line":80,"column":5}},"loc":{"start":{"line":80,"column":13},"end":{"line":95,"column":5}},"line":80},"12":{"name":"(anonymous_12)","decl":{"start":{"line":86,"column":29},"end":{"line":86,"column":30}},"loc":{"start":{"line":86,"column":35},"end":{"line":86,"column":59}},"line":86},"13":{"name":"(anonymous_13)","decl":{"start":{"line":89,"column":29},"end":{"line":89,"column":30}},"loc":{"start":{"line":89,"column":35},"end":{"line":89,"column":52}},"line":89},"14":{"name":"(anonymous_14)","decl":{"start":{"line":97,"column":4},"end":{"line":97,"column":5}},"loc":{"start":{"line":97,"column":21},"end":{"line":119,"column":5}},"line":97},"15":{"name":"(anonymous_15)","decl":{"start":{"line":115,"column":31},"end":{"line":115,"column":32}},"loc":{"start":{"line":115,"column":39},"end":{"line":115,"column":60}},"line":115},"16":{"name":"(anonymous_16)","decl":{"start":{"line":121,"column":4},"end":{"line":121,"column":5}},"loc":{"start":{"line":121,"column":21},"end":{"line":135,"column":5}},"line":121},"17":{"name":"(anonymous_17)","decl":{"start":{"line":159,"column":24},"end":{"line":159,"column":25}},"loc":{"start":{"line":159,"column":45},"end":{"line":164,"column":1}},"line":159},"18":{"name":"(anonymous_18)","decl":{"start":{"line":166,"column":27},"end":{"line":166,"column":28}},"loc":{"start":{"line":166,"column":41},"end":{"line":170,"column":1}},"line":166},"19":{"name":"(anonymous_19)","decl":{"start":{"line":168,"column":18},"end":{"line":168,"column":19}},"loc":{"start":{"line":168,"column":24},"end":{"line":168,"column":47}},"line":168}},"branchMap":{"0":{"loc":{"start":{"line":61,"column":8},"end":{"line":72,"column":9}},"type":"if","locations":[{"start":{"line":61,"column":8},"end":{"line":72,"column":9}},{"start":{"line":61,"column":8},"end":{"line":72,"column":9}}],"line":61},"1":{"loc":{"start":{"line":98,"column":8},"end":{"line":104,"column":9}},"type":"if","locations":[{"start":{"line":98,"column":8},"end":{"line":104,"column":9}},{"start":{"line":98,"column":8},"end":{"line":104,"column":9}}],"line":98},"2":{"loc":{"start":{"line":105,"column":8},"end":{"line":118,"column":9}},"type":"if","locations":[{"start":{"line":105,"column":8},"end":{"line":118,"column":9}},{"start":{"line":105,"column":8},"end":{"line":118,"column":9}}],"line":105}},"s":{"0":2,"1":2,"2":0,"3":0,"4":2,"5":2,"6":2,"7":2,"8":2,"9":2,"10":0,"11":0,"12":0,"13":0,"14":0,"15":0,"16":0,"17":0,"18":2,"19":0,"20":0,"21":2,"22":2,"23":0,"24":0,"25":0,"26":0,"27":0,"28":1,"29":1,"30":0,"31":1,"32":0,"33":0},"f":{"0":2,"1":0,"2":0,"3":2,"4":2,"5":2,"6":0,"7":0,"8":0,"9":0,"10":0,"11":2,"12":0,"13":0,"14":2,"15":0,"16":0,"17":0,"18":0,"19":0},"b":{"0":[0,0],"1":[2,0],"2":[0,0]},"_coverageSchema":"332fd63041d2c1bcb487cc26dd0d5f7d97098a6c","hash":"c945180345b75b13cfcc33700fdacacee2c1bc84"}
,"/Users/ristomatti/PycharmProjects/near_buy/react-native/components/Login.js": {"path":"/Users/ristomatti/PycharmProjects/near_buy/react-native/components/Login.js","statementMap":{"0":{"start":{"line":23,"column":8},"end":{"line":23,"column":21}},"1":{"start":{"line":24,"column":8},"end":{"line":30,"column":10}},"2":{"start":{"line":34,"column":25},"end":{"line":34,"column":35}},"3":{"start":{"line":35,"column":8},"end":{"line":35,"column":56}},"4":{"start":{"line":39,"column":25},"end":{"line":39,"column":35}},"5":{"start":{"line":40,"column":8},"end":{"line":40,"column":61}},"6":{"start":{"line":44,"column":32},"end":{"line":44,"column":62}},"7":{"start":{"line":45,"column":8},"end":{"line":45,"column":49}},"8":{"start":{"line":51,"column":12},"end":{"line":51,"column":17}},"9":{"start":{"line":52,"column":8},"end":{"line":55,"column":9}},"10":{"start":{"line":53,"column":12},"end":{"line":53,"column":74}},"11":{"start":{"line":54,"column":12},"end":{"line":54,"column":19}},"12":{"start":{"line":56,"column":8},"end":{"line":60,"column":9}},"13":{"start":{"line":57,"column":12},"end":{"line":57,"column":43}},"14":{"start":{"line":59,"column":12},"end":{"line":59,"column":49}},"15":{"start":{"line":64,"column":46},"end":{"line":64,"column":51}},"16":{"start":{"line":65,"column":26},"end":{"line":65,"column":70}},"17":{"start":{"line":66,"column":8},"end":{"line":89,"column":15}},"18":{"start":{"line":76,"column":30},"end":{"line":76,"column":45}},"19":{"start":{"line":78,"column":16},"end":{"line":84,"column":17}},"20":{"start":{"line":79,"column":20},"end":{"line":79,"column":79}},"21":{"start":{"line":80,"column":20},"end":{"line":80,"column":46}},"22":{"start":{"line":81,"column":20},"end":{"line":81,"column":53}},"23":{"start":{"line":83,"column":20},"end":{"line":83,"column":73}},"24":{"start":{"line":87,"column":16},"end":{"line":87,"column":45}},"25":{"start":{"line":88,"column":16},"end":{"line":88,"column":37}},"26":{"start":{"line":93,"column":26},"end":{"line":93,"column":66}},"27":{"start":{"line":94,"column":39},"end":{"line":94,"column":44}},"28":{"start":{"line":95,"column":8},"end":{"line":111,"column":15}},"29":{"start":{"line":99,"column":30},"end":{"line":99,"column":45}},"30":{"start":{"line":101,"column":16},"end":{"line":101,"column":42}},"31":{"start":{"line":102,"column":16},"end":{"line":107,"column":17}},"32":{"start":{"line":103,"column":20},"end":{"line":103,"column":69}},"33":{"start":{"line":105,"column":20},"end":{"line":105,"column":76}},"34":{"start":{"line":106,"column":20},"end":{"line":106,"column":52}},"35":{"start":{"line":110,"column":16},"end":{"line":110,"column":37}},"36":{"start":{"line":115,"column":8},"end":{"line":128,"column":9}},"37":{"start":{"line":116,"column":12},"end":{"line":127,"column":13}},"38":{"start":{"line":124,"column":35},"end":{"line":124,"column":69}},"39":{"start":{"line":125,"column":44},"end":{"line":125,"column":74}},"40":{"start":{"line":132,"column":8},"end":{"line":143,"column":9}},"41":{"start":{"line":133,"column":12},"end":{"line":142,"column":14}},"42":{"start":{"line":147,"column":8},"end":{"line":187,"column":10}},"43":{"start":{"line":162,"column":43},"end":{"line":162,"column":77}},"44":{"start":{"line":165,"column":52},"end":{"line":165,"column":85}},"45":{"start":{"line":172,"column":43},"end":{"line":172,"column":77}},"46":{"start":{"line":174,"column":52},"end":{"line":174,"column":85}},"47":{"start":{"line":177,"column":47},"end":{"line":177,"column":81}},"48":{"start":{"line":179,"column":49},"end":{"line":179,"column":66}},"49":{"start":{"line":192,"column":24},"end":{"line":196,"column":1}},"50":{"start":{"line":193,"column":4},"end":{"line":195,"column":6}},"51":{"start":{"line":198,"column":27},"end":{"line":202,"column":1}},"52":{"start":{"line":199,"column":4},"end":{"line":201,"column":6}},"53":{"start":{"line":200,"column":40},"end":{"line":200,"column":73}},"54":{"start":{"line":204,"column":15},"end":{"line":234,"column":2}}},"fnMap":{"0":{"name":"(anonymous_0)","decl":{"start":{"line":22,"column":4},"end":{"line":22,"column":5}},"loc":{"start":{"line":22,"column":23},"end":{"line":31,"column":5}},"line":22},"1":{"name":"(anonymous_1)","decl":{"start":{"line":33,"column":4},"end":{"line":33,"column":5}},"loc":{"start":{"line":33,"column":30},"end":{"line":36,"column":5}},"line":33},"2":{"name":"(anonymous_2)","decl":{"start":{"line":38,"column":4},"end":{"line":38,"column":5}},"loc":{"start":{"line":38,"column":20},"end":{"line":41,"column":5}},"line":38},"3":{"name":"(anonymous_3)","decl":{"start":{"line":43,"column":4},"end":{"line":43,"column":5}},"loc":{"start":{"line":43,"column":17},"end":{"line":46,"column":5}},"line":43},"4":{"name":"(anonymous_4)","decl":{"start":{"line":48,"column":4},"end":{"line":48,"column":5}},"loc":{"start":{"line":48,"column":29},"end":{"line":61,"column":5}},"line":48},"5":{"name":"(anonymous_5)","decl":{"start":{"line":63,"column":4},"end":{"line":63,"column":5}},"loc":{"start":{"line":63,"column":36},"end":{"line":90,"column":5}},"line":63},"6":{"name":"(anonymous_6)","decl":{"start":{"line":76,"column":18},"end":{"line":76,"column":19}},"loc":{"start":{"line":76,"column":30},"end":{"line":76,"column":45}},"line":76},"7":{"name":"(anonymous_7)","decl":{"start":{"line":77,"column":18},"end":{"line":77,"column":19}},"loc":{"start":{"line":77,"column":36},"end":{"line":85,"column":13}},"line":77},"8":{"name":"(anonymous_8)","decl":{"start":{"line":86,"column":19},"end":{"line":86,"column":20}},"loc":{"start":{"line":86,"column":30},"end":{"line":89,"column":13}},"line":86},"9":{"name":"(anonymous_9)","decl":{"start":{"line":92,"column":4},"end":{"line":92,"column":5}},"loc":{"start":{"line":92,"column":30},"end":{"line":112,"column":5}},"line":92},"10":{"name":"(anonymous_10)","decl":{"start":{"line":99,"column":18},"end":{"line":99,"column":19}},"loc":{"start":{"line":99,"column":30},"end":{"line":99,"column":45}},"line":99},"11":{"name":"(anonymous_11)","decl":{"start":{"line":100,"column":18},"end":{"line":100,"column":19}},"loc":{"start":{"line":100,"column":36},"end":{"line":108,"column":13}},"line":100},"12":{"name":"(anonymous_12)","decl":{"start":{"line":109,"column":19},"end":{"line":109,"column":20}},"loc":{"start":{"line":109,"column":30},"end":{"line":111,"column":13}},"line":109},"13":{"name":"(anonymous_13)","decl":{"start":{"line":114,"column":4},"end":{"line":114,"column":5}},"loc":{"start":{"line":114,"column":23},"end":{"line":129,"column":5}},"line":114},"14":{"name":"(anonymous_14)","decl":{"start":{"line":124,"column":29},"end":{"line":124,"column":30}},"loc":{"start":{"line":124,"column":35},"end":{"line":124,"column":69}},"line":124},"15":{"name":"(anonymous_15)","decl":{"start":{"line":125,"column":34},"end":{"line":125,"column":35}},"loc":{"start":{"line":125,"column":44},"end":{"line":125,"column":74}},"line":125},"16":{"name":"(anonymous_16)","decl":{"start":{"line":131,"column":4},"end":{"line":131,"column":5}},"loc":{"start":{"line":131,"column":31},"end":{"line":144,"column":5}},"line":131},"17":{"name":"(anonymous_17)","decl":{"start":{"line":146,"column":4},"end":{"line":146,"column":5}},"loc":{"start":{"line":146,"column":14},"end":{"line":188,"column":5}},"line":146},"18":{"name":"(anonymous_18)","decl":{"start":{"line":162,"column":37},"end":{"line":162,"column":38}},"loc":{"start":{"line":162,"column":43},"end":{"line":162,"column":77}},"line":162},"19":{"name":"(anonymous_19)","decl":{"start":{"line":165,"column":42},"end":{"line":165,"column":43}},"loc":{"start":{"line":165,"column":52},"end":{"line":165,"column":85}},"line":165},"20":{"name":"(anonymous_20)","decl":{"start":{"line":172,"column":37},"end":{"line":172,"column":38}},"loc":{"start":{"line":172,"column":43},"end":{"line":172,"column":77}},"line":172},"21":{"name":"(anonymous_21)","decl":{"start":{"line":174,"column":42},"end":{"line":174,"column":43}},"loc":{"start":{"line":174,"column":52},"end":{"line":174,"column":85}},"line":174},"22":{"name":"(anonymous_22)","decl":{"start":{"line":177,"column":41},"end":{"line":177,"column":42}},"loc":{"start":{"line":177,"column":47},"end":{"line":177,"column":81}},"line":177},"23":{"name":"(anonymous_23)","decl":{"start":{"line":179,"column":43},"end":{"line":179,"column":44}},"loc":{"start":{"line":179,"column":49},"end":{"line":179,"column":66}},"line":179},"24":{"name":"(anonymous_24)","decl":{"start":{"line":192,"column":24},"end":{"line":192,"column":25}},"loc":{"start":{"line":192,"column":45},"end":{"line":196,"column":1}},"line":192},"25":{"name":"(anonymous_25)","decl":{"start":{"line":198,"column":27},"end":{"line":198,"column":28}},"loc":{"start":{"line":198,"column":41},"end":{"line":202,"column":1}},"line":198},"26":{"name":"(anonymous_26)","decl":{"start":{"line":200,"column":17},"end":{"line":200,"column":18}},"loc":{"start":{"line":200,"column":38},"end":{"line":200,"column":75}},"line":200}},"branchMap":{"0":{"loc":{"start":{"line":35,"column":15},"end":{"line":35,"column":55}},"type":"cond-expr","locations":[{"start":{"line":35,"column":36},"end":{"line":35,"column":45}},{"start":{"line":35,"column":48},"end":{"line":35,"column":55}}],"line":35},"1":{"loc":{"start":{"line":40,"column":15},"end":{"line":40,"column":60}},"type":"cond-expr","locations":[{"start":{"line":40,"column":36},"end":{"line":40,"column":45}},{"start":{"line":40,"column":48},"end":{"line":40,"column":60}}],"line":40},"2":{"loc":{"start":{"line":52,"column":8},"end":{"line":55,"column":9}},"type":"if","locations":[{"start":{"line":52,"column":8},"end":{"line":55,"column":9}},{"start":{"line":52,"column":8},"end":{"line":55,"column":9}}],"line":52},"3":{"loc":{"start":{"line":52,"column":12},"end":{"line":52,"column":86}},"type":"binary-expr","locations":[{"start":{"line":52,"column":12},"end":{"line":52,"column":27}},{"start":{"line":52,"column":31},"end":{"line":52,"column":46}},{"start":{"line":52,"column":51},"end":{"line":52,"column":69}},{"start":{"line":52,"column":73},"end":{"line":52,"column":85}}],"line":52},"4":{"loc":{"start":{"line":56,"column":8},"end":{"line":60,"column":9}},"type":"if","locations":[{"start":{"line":56,"column":8},"end":{"line":60,"column":9}},{"start":{"line":56,"column":8},"end":{"line":60,"column":9}}],"line":56},"5":{"loc":{"start":{"line":78,"column":16},"end":{"line":84,"column":17}},"type":"if","locations":[{"start":{"line":78,"column":16},"end":{"line":84,"column":17}},{"start":{"line":78,"column":16},"end":{"line":84,"column":17}}],"line":78},"6":{"loc":{"start":{"line":102,"column":16},"end":{"line":107,"column":17}},"type":"if","locations":[{"start":{"line":102,"column":16},"end":{"line":107,"column":17}},{"start":{"line":102,"column":16},"end":{"line":107,"column":17}}],"line":102},"7":{"loc":{"start":{"line":115,"column":8},"end":{"line":128,"column":9}},"type":"if","locations":[{"start":{"line":115,"column":8},"end":{"line":128,"column":9}},{"start":{"line":115,"column":8},"end":{"line":128,"column":9}}],"line":115},"8":{"loc":{"start":{"line":132,"column":8},"end":{"line":143,"column":9}},"type":"if","locations":[{"start":{"line":132,"column":8},"end":{"line":143,"column":9}},{"start":{"line":132,"column":8},"end":{"line":143,"column":9}}],"line":132}},"s":{"0":13,"1":13,"2":17,"3":17,"4":16,"5":16,"6":1,"7":1,"8":5,"9":5,"10":2,"11":2,"12":3,"13":2,"14":1,"15":0,"16":0,"17":0,"18":0,"19":0,"20":0,"21":0,"22":0,"23":0,"24":0,"25":0,"26":0,"27":0,"28":0,"29":0,"30":0,"31":0,"32":0,"33":0,"34":0,"35":0,"36":14,"37":1,"38":0,"39":0,"40":14,"41":14,"42":14,"43":0,"44":0,"45":0,"46":0,"47":0,"48":0,"49":2,"50":0,"51":2,"52":0,"53":0,"54":2},"f":{"0":13,"1":17,"2":16,"3":1,"4":5,"5":0,"6":0,"7":0,"8":0,"9":0,"10":0,"11":0,"12":0,"13":14,"14":0,"15":0,"16":14,"17":14,"18":0,"19":0,"20":0,"21":0,"22":0,"23":0,"24":0,"25":0,"26":0},"b":{"0":[15,2],"1":[14,2],"2":[2,3],"3":[5,4,4,2],"4":[2,1],"5":[0,0],"6":[0,0],"7":[1,13],"8":[14,0]},"_coverageSchema":"332fd63041d2c1bcb487cc26dd0d5f7d97098a6c","hash":"cb56677a4c757a80d5ff5cea856acda09fddb213"}
,"/Users/ristomatti/PycharmProjects/near_buy/react-native/redux/actions/auth.js": {"path":"/Users/ristomatti/PycharmProjects/near_buy/react-native/redux/actions/auth.js","statementMap":{"0":{"start":{"line":1,"column":21},"end":{"line":7,"column":1}},"1":{"start":{"line":2,"column":4},"end":{"line":6,"column":6}},"2":{"start":{"line":9,"column":22},"end":{"line":13,"column":1}},"3":{"start":{"line":10,"column":4},"end":{"line":12,"column":6}},"4":{"start":{"line":15,"column":22},"end":{"line":18,"column":1}},"5":{"start":{"line":16,"column":4},"end":{"line":17,"column":6}}},"fnMap":{"0":{"name":"(anonymous_0)","decl":{"start":{"line":1,"column":21},"end":{"line":1,"column":22}},"loc":{"start":{"line":1,"column":42},"end":{"line":7,"column":1}},"line":1},"1":{"name":"(anonymous_1)","decl":{"start":{"line":9,"column":22},"end":{"line":9,"column":23}},"loc":{"start":{"line":9,"column":28},"end":{"line":13,"column":1}},"line":9},"2":{"name":"(anonymous_2)","decl":{"start":{"line":15,"column":22},"end":{"line":15,"column":23}},"loc":{"start":{"line":15,"column":46},"end":{"line":18,"column":1}},"line":15},"3":{"name":"(anonymous_3)","decl":{"start":{"line":16,"column":11},"end":{"line":16,"column":12}},"loc":{"start":{"line":16,"column":25},"end":{"line":17,"column":5}},"line":16}},"branchMap":{},"s":{"0":2,"1":0,"2":2,"3":0,"4":2,"5":0},"f":{"0":0,"1":0,"2":0,"3":0},"b":{},"_coverageSchema":"332fd63041d2c1bcb487cc26dd0d5f7d97098a6c","hash":"3cc9a02c40de61d1cccf98a53935e2ce8d415f95"}
,"/Users/ristomatti/PycharmProjects/near_buy/react-native/redux/reducers/auth.js": {"path":"/Users/ristomatti/PycharmProjects/near_buy/react-native/redux/reducers/auth.js","statementMap":{"0":{"start":{"line":1,"column":21},"end":{"line":5,"column":1}},"1":{"start":{"line":8,"column":4},"end":{"line":23,"column":5}},"2":{"start":{"line":10,"column":12},"end":{"line":14,"column":15}},"3":{"start":{"line":16,"column":12},"end":{"line":20,"column":15}},"4":{"start":{"line":22,"column":12},"end":{"line":22,"column":25}}},"fnMap":{"0":{"name":"reducer","decl":{"start":{"line":7,"column":24},"end":{"line":7,"column":31}},"loc":{"start":{"line":7,"column":62},"end":{"line":24,"column":1}},"line":7}},"branchMap":{"0":{"loc":{"start":{"line":7,"column":32},"end":{"line":7,"column":52}},"type":"default-arg","locations":[{"start":{"line":7,"column":40},"end":{"line":7,"column":52}}],"line":7},"1":{"loc":{"start":{"line":8,"column":4},"end":{"line":23,"column":5}},"type":"switch","locations":[{"start":{"line":9,"column":8},"end":{"line":14,"column":15}},{"start":{"line":15,"column":8},"end":{"line":20,"column":15}},{"start":{"line":21,"column":8},"end":{"line":22,"column":25}}],"line":8}},"s":{"0":1,"1":3,"2":1,"3":1,"4":1},"f":{"0":3},"b":{"0":[0],"1":[1,1,1]},"_coverageSchema":"332fd63041d2c1bcb487cc26dd0d5f7d97098a6c","hash":"4d6f087472059fcb331e3beb21b373fca7510b97"}
,"/Users/ristomatti/PycharmProjects/near_buy/react-native/src/networking.js": {"path":"/Users/ristomatti/PycharmProjects/near_buy/react-native/src/networking.js","statementMap":{"0":{"start":{"line":3,"column":15},"end":{"line":3,"column":33}},"1":{"start":{"line":7,"column":22},"end":{"line":7,"column":47}},"2":{"start":{"line":8,"column":4},"end":{"line":8,"column":38}},"3":{"start":{"line":12,"column":18},"end":{"line":12,"column":31}},"4":{"start":{"line":13,"column":15},"end":{"line":13,"column":47}},"5":{"start":{"line":14,"column":4},"end":{"line":14,"column":53}},"6":{"start":{"line":15,"column":4},"end":{"line":15,"column":19}},"7":{"start":{"line":19,"column":22},"end":{"line":19,"column":56}},"8":{"start":{"line":20,"column":4},"end":{"line":20,"column":38}}},"fnMap":{"0":{"name":"generateHash","decl":{"start":{"line":6,"column":9},"end":{"line":6,"column":21}},"loc":{"start":{"line":6,"column":42},"end":{"line":9,"column":1}},"line":6},"1":{"name":"generateHeadersForBasicAuth","decl":{"start":{"line":11,"column":9},"end":{"line":11,"column":36}},"loc":{"start":{"line":11,"column":57},"end":{"line":16,"column":1}},"line":11},"2":{"name":"generateHashForRegistering","decl":{"start":{"line":18,"column":9},"end":{"line":18,"column":35}},"loc":{"start":{"line":18,"column":63},"end":{"line":21,"column":1}},"line":18}},"branchMap":{},"s":{"0":3,"1":4,"2":4,"3":2,"4":2,"5":2,"6":2,"7":2,"8":2},"f":{"0":4,"1":2,"2":2},"b":{},"_coverageSchema":"332fd63041d2c1bcb487cc26dd0d5f7d97098a6c","hash":"88b6344f1403e1e9aff008112f23c19c8840188f"}
,"/Users/ristomatti/PycharmProjects/near_buy/react-native/src/static/constants.js": {"path":"/Users/ristomatti/PycharmProjects/near_buy/react-native/src/static/constants.js","statementMap":{"0":{"start":{"line":4,"column":18},"end":{"line":4,"column":68}},"1":{"start":{"line":5,"column":18},"end":{"line":5,"column":58}},"2":{"start":{"line":6,"column":21},"end":{"line":6,"column":52}},"3":{"start":{"line":7,"column":38},"end":{"line":7,"column":74}},"4":{"start":{"line":8,"column":14},"end":{"line":8,"column":44}}},"fnMap":{},"branchMap":{"0":{"loc":{"start":{"line":4,"column":18},"end":{"line":4,"column":68}},"type":"cond-expr","locations":[{"start":{"line":4,"column":44},"end":{"line":4,"column":55}},{"start":{"line":4,"column":58},"end":{"line":4,"column":68}}],"line":4}},"s":{"0":2,"1":2,"2":2,"3":2,"4":2},"f":{},"b":{"0":[2,0]},"_coverageSchema":"332fd63041d2c1bcb487cc26dd0d5f7d97098a6c","hash":"ebf282f5572825f91cb6a6b28066c0c42b729bb0"}
}
