{"/home/risto-matti/rm_projects/near_buy/react-native/test-setup.js": {"path":"/home/risto-matti/rm_projects/near_buy/react-native/test-setup.js","statementMap":{"0":{"start":{"line":4,"column":0},"end":{"line":4,"column":38}}},"fnMap":{},"branchMap":{},"s":{"0":11},"f":{},"b":{},"_coverageSchema":"332fd63041d2c1bcb487cc26dd0d5f7d97098a6c","hash":"eb54c0aabc7bce21c22654c50bb3acd308214efb"}
,"/home/risto-matti/rm_projects/near_buy/react-native/.config/jest/globalFetch.js": {"path":"/home/risto-matti/rm_projects/near_buy/react-native/.config/jest/globalFetch.js","statementMap":{"0":{"start":{"line":2,"column":18},"end":{"line":2,"column":39}},"1":{"start":{"line":4,"column":0},"end":{"line":4,"column":25}},"2":{"start":{"line":5,"column":0},"end":{"line":5,"column":35}},"3":{"start":{"line":7,"column":0},"end":{"line":11,"column":2}},"4":{"start":{"line":8,"column":2},"end":{"line":10,"column":4}},"5":{"start":{"line":9,"column":4},"end":{"line":9,"column":58}},"6":{"start":{"line":9,"column":34},"end":{"line":9,"column":55}},"7":{"start":{"line":13,"column":0},"end":{"line":15,"column":2}},"8":{"start":{"line":14,"column":2},"end":{"line":14,"column":60}},"9":{"start":{"line":14,"column":37},"end":{"line":14,"column":58}}},"fnMap":{"0":{"name":"(anonymous_0)","decl":{"start":{"line":7,"column":28},"end":{"line":7,"column":29}},"loc":{"start":{"line":7,"column":36},"end":{"line":11,"column":1}},"line":7},"1":{"name":"(anonymous_1)","decl":{"start":{"line":8,"column":31},"end":{"line":8,"column":32}},"loc":{"start":{"line":9,"column":4},"end":{"line":9,"column":58}},"line":9},"2":{"name":"(anonymous_2)","decl":{"start":{"line":9,"column":28},"end":{"line":9,"column":29}},"loc":{"start":{"line":9,"column":34},"end":{"line":9,"column":55}},"line":9},"3":{"name":"(anonymous_3)","decl":{"start":{"line":13,"column":28},"end":{"line":13,"column":29}},"loc":{"start":{"line":13,"column":37},"end":{"line":15,"column":1}},"line":13},"4":{"name":"(anonymous_4)","decl":{"start":{"line":14,"column":31},"end":{"line":14,"column":32}},"loc":{"start":{"line":14,"column":37},"end":{"line":14,"column":58}},"line":14}},"branchMap":{},"s":{"0":11,"1":11,"2":11,"3":11,"4":10,"5":9,"6":9,"7":11,"8":2,"9":2},"f":{"0":10,"1":9,"2":9,"3":2,"4":2},"b":{},"_coverageSchema":"332fd63041d2c1bcb487cc26dd0d5f7d97098a6c","hash":"885064c24f438eb7d2cb66dbf8d1f03bfa620fb6"}
,"/home/risto-matti/rm_projects/near_buy/react-native/redux/index.js": {"path":"/home/risto-matti/rm_projects/near_buy/react-native/redux/index.js","statementMap":{"0":{"start":{"line":4,"column":12},"end":{"line":4,"column":36}}},"fnMap":{},"branchMap":{},"s":{"0":1},"f":{},"b":{},"_coverageSchema":"332fd63041d2c1bcb487cc26dd0d5f7d97098a6c","hash":"0258d8feea4922ba75ebbf19685ddc912112324f"}
,"/home/risto-matti/rm_projects/near_buy/react-native/redux/actions/auth.js": {"path":"/home/risto-matti/rm_projects/near_buy/react-native/redux/actions/auth.js","statementMap":{"0":{"start":{"line":1,"column":21},"end":{"line":7,"column":1}},"1":{"start":{"line":2,"column":2},"end":{"line":6,"column":4}},"2":{"start":{"line":9,"column":22},"end":{"line":13,"column":1}},"3":{"start":{"line":10,"column":2},"end":{"line":12,"column":4}}},"fnMap":{"0":{"name":"(anonymous_0)","decl":{"start":{"line":1,"column":21},"end":{"line":1,"column":22}},"loc":{"start":{"line":1,"column":42},"end":{"line":7,"column":1}},"line":1},"1":{"name":"(anonymous_1)","decl":{"start":{"line":9,"column":22},"end":{"line":9,"column":23}},"loc":{"start":{"line":9,"column":28},"end":{"line":13,"column":1}},"line":9}},"branchMap":{},"s":{"0":4,"1":1,"2":4,"3":1},"f":{"0":1,"1":1},"b":{},"_coverageSchema":"332fd63041d2c1bcb487cc26dd0d5f7d97098a6c","hash":"12b66da7ee033bcd3e10f790d1759c4acd86abae"}
,"/home/risto-matti/rm_projects/near_buy/react-native/redux/constants/actionTypes/ActionTypes.js": {"path":"/home/risto-matti/rm_projects/near_buy/react-native/redux/constants/actionTypes/ActionTypes.js","statementMap":{"0":{"start":{"line":1,"column":21},"end":{"line":1,"column":28}},"1":{"start":{"line":2,"column":22},"end":{"line":2,"column":30}}},"fnMap":{},"branchMap":{},"s":{"0":1,"1":1},"f":{},"b":{},"_coverageSchema":"332fd63041d2c1bcb487cc26dd0d5f7d97098a6c","hash":"3bb0169f3816adca5b9e754b6cc479b1b9cc1c3c"}
,"/home/risto-matti/rm_projects/near_buy/react-native/redux/reducers/auth.js": {"path":"/home/risto-matti/rm_projects/near_buy/react-native/redux/reducers/auth.js","statementMap":{"0":{"start":{"line":1,"column":21},"end":{"line":5,"column":1}},"1":{"start":{"line":7,"column":36},"end":{"line":24,"column":1}},"2":{"start":{"line":8,"column":2},"end":{"line":23,"column":3}},"3":{"start":{"line":10,"column":4},"end":{"line":14,"column":7}},"4":{"start":{"line":16,"column":4},"end":{"line":20,"column":7}},"5":{"start":{"line":22,"column":4},"end":{"line":22,"column":17}}},"fnMap":{"0":{"name":"(anonymous_0)","decl":{"start":{"line":7,"column":36},"end":{"line":7,"column":37}},"loc":{"start":{"line":7,"column":70},"end":{"line":24,"column":1}},"line":7}},"branchMap":{"0":{"loc":{"start":{"line":7,"column":37},"end":{"line":7,"column":57}},"type":"default-arg","locations":[{"start":{"line":7,"column":45},"end":{"line":7,"column":57}}],"line":7},"1":{"loc":{"start":{"line":8,"column":2},"end":{"line":23,"column":3}},"type":"switch","locations":[{"start":{"line":9,"column":2},"end":{"line":14,"column":7}},{"start":{"line":15,"column":2},"end":{"line":20,"column":7}},{"start":{"line":21,"column":2},"end":{"line":22,"column":17}}],"line":8}},"s":{"0":2,"1":2,"2":6,"3":1,"4":1,"5":4},"f":{"0":6},"b":{"0":[3],"1":[1,1,4]},"_coverageSchema":"332fd63041d2c1bcb487cc26dd0d5f7d97098a6c","hash":"09fd7a31ff8949a7fdc6fd48f9b8597ce70420e1"}
,"/home/risto-matti/rm_projects/near_buy/react-native/redux/reducers/index.js": {"path":"/home/risto-matti/rm_projects/near_buy/react-native/redux/reducers/index.js","statementMap":{"0":{"start":{"line":4,"column":20},"end":{"line":6,"column":2}}},"fnMap":{},"branchMap":{},"s":{"0":1},"f":{},"b":{},"_coverageSchema":"332fd63041d2c1bcb487cc26dd0d5f7d97098a6c","hash":"a0f9f4de52398226240a3a56a6e8d3783c09b676"}
,"/home/risto-matti/rm_projects/near_buy/react-native/src/Permissions.js": {"path":"/home/risto-matti/rm_projects/near_buy/react-native/src/Permissions.js","statementMap":{"0":{"start":{"line":3,"column":34},"end":{"line":23,"column":1}},"1":{"start":{"line":6,"column":2},"end":{"line":22,"column":7}},"2":{"start":{"line":10,"column":6},"end":{"line":14,"column":7}},"3":{"start":{"line":11,"column":8},"end":{"line":11,"column":57}},"4":{"start":{"line":13,"column":8},"end":{"line":13,"column":55}},"5":{"start":{"line":17,"column":6},"end":{"line":21,"column":7}},"6":{"start":{"line":18,"column":8},"end":{"line":18,"column":40}},"7":{"start":{"line":20,"column":8},"end":{"line":20,"column":55}},"8":{"start":{"line":25,"column":35},"end":{"line":40,"column":1}},"9":{"start":{"line":28,"column":2},"end":{"line":39,"column":7}},"10":{"start":{"line":34,"column":6},"end":{"line":38,"column":7}},"11":{"start":{"line":35,"column":8},"end":{"line":35,"column":40}},"12":{"start":{"line":37,"column":8},"end":{"line":37,"column":64}},"13":{"start":{"line":42,"column":34},"end":{"line":61,"column":1}},"14":{"start":{"line":45,"column":2},"end":{"line":60,"column":7}},"15":{"start":{"line":55,"column":6},"end":{"line":59,"column":7}},"16":{"start":{"line":56,"column":8},"end":{"line":56,"column":40}},"17":{"start":{"line":58,"column":8},"end":{"line":58,"column":63}}},"fnMap":{"0":{"name":"(anonymous_0)","decl":{"start":{"line":3,"column":34},"end":{"line":3,"column":35}},"loc":{"start":{"line":5,"column":11},"end":{"line":23,"column":1}},"line":5},"1":{"name":"(anonymous_1)","decl":{"start":{"line":7,"column":10},"end":{"line":7,"column":11}},"loc":{"start":{"line":7,"column":21},"end":{"line":15,"column":5}},"line":7},"2":{"name":"(anonymous_2)","decl":{"start":{"line":16,"column":10},"end":{"line":16,"column":11}},"loc":{"start":{"line":16,"column":21},"end":{"line":22,"column":5}},"line":16},"3":{"name":"(anonymous_3)","decl":{"start":{"line":25,"column":35},"end":{"line":25,"column":36}},"loc":{"start":{"line":27,"column":11},"end":{"line":40,"column":1}},"line":27},"4":{"name":"(anonymous_4)","decl":{"start":{"line":33,"column":10},"end":{"line":33,"column":11}},"loc":{"start":{"line":33,"column":21},"end":{"line":39,"column":5}},"line":33},"5":{"name":"(anonymous_5)","decl":{"start":{"line":42,"column":34},"end":{"line":42,"column":35}},"loc":{"start":{"line":44,"column":11},"end":{"line":61,"column":1}},"line":44},"6":{"name":"(anonymous_6)","decl":{"start":{"line":54,"column":10},"end":{"line":54,"column":11}},"loc":{"start":{"line":54,"column":21},"end":{"line":60,"column":5}},"line":54}},"branchMap":{"0":{"loc":{"start":{"line":4,"column":2},"end":{"line":4,"column":36}},"type":"default-arg","locations":[{"start":{"line":4,"column":18},"end":{"line":4,"column":36}}],"line":4},"1":{"loc":{"start":{"line":10,"column":6},"end":{"line":14,"column":7}},"type":"if","locations":[{"start":{"line":10,"column":6},"end":{"line":14,"column":7}},{"start":{"line":10,"column":6},"end":{"line":14,"column":7}}],"line":10},"2":{"loc":{"start":{"line":10,"column":10},"end":{"line":10,"column":76}},"type":"binary-expr","locations":[{"start":{"line":10,"column":10},"end":{"line":10,"column":56}},{"start":{"line":10,"column":60},"end":{"line":10,"column":76}}],"line":10},"3":{"loc":{"start":{"line":17,"column":6},"end":{"line":21,"column":7}},"type":"if","locations":[{"start":{"line":17,"column":6},"end":{"line":21,"column":7}},{"start":{"line":17,"column":6},"end":{"line":21,"column":7}}],"line":17},"4":{"loc":{"start":{"line":17,"column":10},"end":{"line":17,"column":76}},"type":"binary-expr","locations":[{"start":{"line":17,"column":10},"end":{"line":17,"column":56}},{"start":{"line":17,"column":60},"end":{"line":17,"column":76}}],"line":17},"5":{"loc":{"start":{"line":26,"column":2},"end":{"line":26,"column":36}},"type":"default-arg","locations":[{"start":{"line":26,"column":18},"end":{"line":26,"column":36}}],"line":26},"6":{"loc":{"start":{"line":34,"column":6},"end":{"line":38,"column":7}},"type":"if","locations":[{"start":{"line":34,"column":6},"end":{"line":38,"column":7}},{"start":{"line":34,"column":6},"end":{"line":38,"column":7}}],"line":34},"7":{"loc":{"start":{"line":34,"column":10},"end":{"line":34,"column":76}},"type":"binary-expr","locations":[{"start":{"line":34,"column":10},"end":{"line":34,"column":56}},{"start":{"line":34,"column":60},"end":{"line":34,"column":76}}],"line":34},"8":{"loc":{"start":{"line":43,"column":2},"end":{"line":43,"column":36}},"type":"default-arg","locations":[{"start":{"line":43,"column":18},"end":{"line":43,"column":36}}],"line":43},"9":{"loc":{"start":{"line":55,"column":6},"end":{"line":59,"column":7}},"type":"if","locations":[{"start":{"line":55,"column":6},"end":{"line":59,"column":7}},{"start":{"line":55,"column":6},"end":{"line":59,"column":7}}],"line":55},"10":{"loc":{"start":{"line":55,"column":10},"end":{"line":55,"column":76}},"type":"binary-expr","locations":[{"start":{"line":55,"column":10},"end":{"line":55,"column":56}},{"start":{"line":55,"column":60},"end":{"line":55,"column":76}}],"line":55}},"s":{"0":1,"1":2,"2":1,"3":1,"4":0,"5":1,"6":1,"7":0,"8":1,"9":1,"10":1,"11":1,"12":0,"13":1,"14":2,"15":2,"16":1,"17":1},"f":{"0":2,"1":1,"2":1,"3":1,"4":1,"5":2,"6":2},"b":{"0":[0],"1":[1,0],"2":[1,0],"3":[1,0],"4":[1,0],"5":[0],"6":[1,0],"7":[1,0],"8":[0],"9":[1,1],"10":[2,1]},"_coverageSchema":"332fd63041d2c1bcb487cc26dd0d5f7d97098a6c","hash":"61027f377802448df1746492f8deda53adcae0c2"}
,"/home/risto-matti/rm_projects/near_buy/react-native/src/components/Login.js": {"path":"/home/risto-matti/rm_projects/near_buy/react-native/src/components/Login.js","statementMap":{"0":{"start":{"line":29,"column":13},"end":{"line":29,"column":17}},"1":{"start":{"line":33,"column":4},"end":{"line":33,"column":17}},"2":{"start":{"line":34,"column":4},"end":{"line":40,"column":6}},"3":{"start":{"line":42,"column":4},"end":{"line":42,"column":59}},"4":{"start":{"line":43,"column":4},"end":{"line":43,"column":59}},"5":{"start":{"line":44,"column":4},"end":{"line":44,"column":65}},"6":{"start":{"line":45,"column":4},"end":{"line":45,"column":77}},"7":{"start":{"line":46,"column":4},"end":{"line":46,"column":79}},"8":{"start":{"line":47,"column":4},"end":{"line":47,"column":51}},"9":{"start":{"line":51,"column":4},"end":{"line":54,"column":6}},"10":{"start":{"line":55,"column":4},"end":{"line":58,"column":6}},"11":{"start":{"line":62,"column":4},"end":{"line":62,"column":42}},"12":{"start":{"line":63,"column":4},"end":{"line":63,"column":42}},"13":{"start":{"line":67,"column":21},"end":{"line":67,"column":31}},"14":{"start":{"line":68,"column":4},"end":{"line":68,"column":50}},"15":{"start":{"line":72,"column":21},"end":{"line":72,"column":31}},"16":{"start":{"line":73,"column":4},"end":{"line":73,"column":55}},"17":{"start":{"line":77,"column":4},"end":{"line":77,"column":47}},"18":{"start":{"line":81,"column":4},"end":{"line":81,"column":48}},"19":{"start":{"line":85,"column":28},"end":{"line":85,"column":58}},"20":{"start":{"line":86,"column":4},"end":{"line":86,"column":45}},"21":{"start":{"line":90,"column":48},"end":{"line":90,"column":58}},"22":{"start":{"line":92,"column":6},"end":{"line":94,"column":42}},"23":{"start":{"line":96,"column":4},"end":{"line":99,"column":5}},"24":{"start":{"line":97,"column":6},"end":{"line":97,"column":68}},"25":{"start":{"line":98,"column":6},"end":{"line":98,"column":13}},"26":{"start":{"line":100,"column":4},"end":{"line":104,"column":5}},"27":{"start":{"line":101,"column":6},"end":{"line":101,"column":32}},"28":{"start":{"line":103,"column":6},"end":{"line":103,"column":38}},"29":{"start":{"line":108,"column":42},"end":{"line":108,"column":52}},"30":{"start":{"line":109,"column":22},"end":{"line":109,"column":66}},"31":{"start":{"line":111,"column":4},"end":{"line":124,"column":9}},"32":{"start":{"line":118,"column":24},"end":{"line":118,"column":39}},"33":{"start":{"line":120,"column":8},"end":{"line":120,"column":53}},"34":{"start":{"line":123,"column":8},"end":{"line":123,"column":32}},"35":{"start":{"line":128,"column":4},"end":{"line":133,"column":5}},"36":{"start":{"line":129,"column":6},"end":{"line":129,"column":65}},"37":{"start":{"line":130,"column":6},"end":{"line":130,"column":39}},"38":{"start":{"line":132,"column":6},"end":{"line":132,"column":59}},"39":{"start":{"line":137,"column":4},"end":{"line":139,"column":5}},"40":{"start":{"line":138,"column":6},"end":{"line":138,"column":46}},"41":{"start":{"line":143,"column":22},"end":{"line":143,"column":62}},"42":{"start":{"line":144,"column":35},"end":{"line":144,"column":45}},"43":{"start":{"line":145,"column":4},"end":{"line":155,"column":9}},"44":{"start":{"line":149,"column":24},"end":{"line":149,"column":39}},"45":{"start":{"line":151,"column":8},"end":{"line":151,"column":47}},"46":{"start":{"line":154,"column":8},"end":{"line":154,"column":32}},"47":{"start":{"line":159,"column":4},"end":{"line":164,"column":5}},"48":{"start":{"line":160,"column":6},"end":{"line":160,"column":62}},"49":{"start":{"line":162,"column":6},"end":{"line":162,"column":62}},"50":{"start":{"line":163,"column":6},"end":{"line":163,"column":38}},"51":{"start":{"line":168,"column":4},"end":{"line":183,"column":5}},"52":{"start":{"line":169,"column":6},"end":{"line":182,"column":8}},"53":{"start":{"line":179,"column":32},"end":{"line":179,"column":62}},"54":{"start":{"line":184,"column":4},"end":{"line":184,"column":16}},"55":{"start":{"line":188,"column":4},"end":{"line":195,"column":5}},"56":{"start":{"line":189,"column":6},"end":{"line":194,"column":8}},"57":{"start":{"line":196,"column":4},"end":{"line":196,"column":16}},"58":{"start":{"line":200,"column":21},"end":{"line":200,"column":61}},"59":{"start":{"line":201,"column":4},"end":{"line":252,"column":6}},"60":{"start":{"line":216,"column":36},"end":{"line":216,"column":69}},"61":{"start":{"line":227,"column":36},"end":{"line":227,"column":69}},"62":{"start":{"line":232,"column":29},"end":{"line":232,"column":53}},"63":{"start":{"line":240,"column":31},"end":{"line":240,"column":48}},"64":{"start":{"line":256,"column":24},"end":{"line":260,"column":1}},"65":{"start":{"line":257,"column":2},"end":{"line":259,"column":4}},"66":{"start":{"line":262,"column":27},"end":{"line":268,"column":1}},"67":{"start":{"line":263,"column":2},"end":{"line":267,"column":4}},"68":{"start":{"line":265,"column":6},"end":{"line":265,"column":39}}},"fnMap":{"0":{"name":"(anonymous_0)","decl":{"start":{"line":32,"column":2},"end":{"line":32,"column":3}},"loc":{"start":{"line":32,"column":21},"end":{"line":48,"column":3}},"line":32},"1":{"name":"(anonymous_1)","decl":{"start":{"line":50,"column":2},"end":{"line":50,"column":3}},"loc":{"start":{"line":50,"column":22},"end":{"line":59,"column":3}},"line":50},"2":{"name":"(anonymous_2)","decl":{"start":{"line":61,"column":2},"end":{"line":61,"column":3}},"loc":{"start":{"line":61,"column":25},"end":{"line":64,"column":3}},"line":61},"3":{"name":"(anonymous_3)","decl":{"start":{"line":66,"column":2},"end":{"line":66,"column":3}},"loc":{"start":{"line":66,"column":28},"end":{"line":69,"column":3}},"line":66},"4":{"name":"(anonymous_4)","decl":{"start":{"line":71,"column":2},"end":{"line":71,"column":3}},"loc":{"start":{"line":71,"column":18},"end":{"line":74,"column":3}},"line":71},"5":{"name":"(anonymous_5)","decl":{"start":{"line":76,"column":2},"end":{"line":76,"column":3}},"loc":{"start":{"line":76,"column":20},"end":{"line":78,"column":3}},"line":76},"6":{"name":"(anonymous_6)","decl":{"start":{"line":80,"column":2},"end":{"line":80,"column":3}},"loc":{"start":{"line":80,"column":20},"end":{"line":82,"column":3}},"line":80},"7":{"name":"(anonymous_7)","decl":{"start":{"line":84,"column":2},"end":{"line":84,"column":3}},"loc":{"start":{"line":84,"column":15},"end":{"line":87,"column":3}},"line":84},"8":{"name":"(anonymous_8)","decl":{"start":{"line":89,"column":2},"end":{"line":89,"column":3}},"loc":{"start":{"line":89,"column":22},"end":{"line":105,"column":3}},"line":89},"9":{"name":"(anonymous_9)","decl":{"start":{"line":107,"column":2},"end":{"line":107,"column":3}},"loc":{"start":{"line":107,"column":29},"end":{"line":125,"column":3}},"line":107},"10":{"name":"(anonymous_10)","decl":{"start":{"line":118,"column":12},"end":{"line":118,"column":13}},"loc":{"start":{"line":118,"column":24},"end":{"line":118,"column":39}},"line":118},"11":{"name":"(anonymous_11)","decl":{"start":{"line":119,"column":12},"end":{"line":119,"column":13}},"loc":{"start":{"line":119,"column":28},"end":{"line":121,"column":7}},"line":119},"12":{"name":"(anonymous_12)","decl":{"start":{"line":122,"column":13},"end":{"line":122,"column":14}},"loc":{"start":{"line":122,"column":22},"end":{"line":124,"column":7}},"line":122},"13":{"name":"(anonymous_13)","decl":{"start":{"line":127,"column":2},"end":{"line":127,"column":3}},"loc":{"start":{"line":127,"column":38},"end":{"line":134,"column":3}},"line":127},"14":{"name":"(anonymous_14)","decl":{"start":{"line":136,"column":2},"end":{"line":136,"column":3}},"loc":{"start":{"line":136,"column":21},"end":{"line":140,"column":3}},"line":136},"15":{"name":"(anonymous_15)","decl":{"start":{"line":142,"column":2},"end":{"line":142,"column":3}},"loc":{"start":{"line":142,"column":23},"end":{"line":156,"column":3}},"line":142},"16":{"name":"(anonymous_16)","decl":{"start":{"line":149,"column":12},"end":{"line":149,"column":13}},"loc":{"start":{"line":149,"column":24},"end":{"line":149,"column":39}},"line":149},"17":{"name":"(anonymous_17)","decl":{"start":{"line":150,"column":12},"end":{"line":150,"column":13}},"loc":{"start":{"line":150,"column":28},"end":{"line":152,"column":7}},"line":150},"18":{"name":"(anonymous_18)","decl":{"start":{"line":153,"column":13},"end":{"line":153,"column":14}},"loc":{"start":{"line":153,"column":22},"end":{"line":155,"column":7}},"line":153},"19":{"name":"(anonymous_19)","decl":{"start":{"line":158,"column":2},"end":{"line":158,"column":3}},"loc":{"start":{"line":158,"column":32},"end":{"line":165,"column":3}},"line":158},"20":{"name":"(anonymous_20)","decl":{"start":{"line":167,"column":2},"end":{"line":167,"column":3}},"loc":{"start":{"line":167,"column":21},"end":{"line":185,"column":3}},"line":167},"21":{"name":"(anonymous_21)","decl":{"start":{"line":179,"column":24},"end":{"line":179,"column":25}},"loc":{"start":{"line":179,"column":32},"end":{"line":179,"column":62}},"line":179},"22":{"name":"(anonymous_22)","decl":{"start":{"line":187,"column":2},"end":{"line":187,"column":3}},"loc":{"start":{"line":187,"column":29},"end":{"line":197,"column":3}},"line":187},"23":{"name":"(anonymous_23)","decl":{"start":{"line":199,"column":2},"end":{"line":199,"column":3}},"loc":{"start":{"line":199,"column":11},"end":{"line":253,"column":3}},"line":199},"24":{"name":"(anonymous_24)","decl":{"start":{"line":216,"column":28},"end":{"line":216,"column":29}},"loc":{"start":{"line":216,"column":36},"end":{"line":216,"column":69}},"line":216},"25":{"name":"(anonymous_25)","decl":{"start":{"line":227,"column":28},"end":{"line":227,"column":29}},"loc":{"start":{"line":227,"column":36},"end":{"line":227,"column":69}},"line":227},"26":{"name":"(anonymous_26)","decl":{"start":{"line":232,"column":23},"end":{"line":232,"column":24}},"loc":{"start":{"line":232,"column":29},"end":{"line":232,"column":53}},"line":232},"27":{"name":"(anonymous_27)","decl":{"start":{"line":240,"column":25},"end":{"line":240,"column":26}},"loc":{"start":{"line":240,"column":31},"end":{"line":240,"column":48}},"line":240},"28":{"name":"(anonymous_28)","decl":{"start":{"line":256,"column":24},"end":{"line":256,"column":25}},"loc":{"start":{"line":256,"column":45},"end":{"line":260,"column":1}},"line":256},"29":{"name":"(anonymous_29)","decl":{"start":{"line":262,"column":27},"end":{"line":262,"column":28}},"loc":{"start":{"line":262,"column":39},"end":{"line":268,"column":1}},"line":262},"30":{"name":"(anonymous_30)","decl":{"start":{"line":264,"column":13},"end":{"line":264,"column":14}},"loc":{"start":{"line":264,"column":34},"end":{"line":266,"column":5}},"line":264}},"branchMap":{"0":{"loc":{"start":{"line":68,"column":11},"end":{"line":68,"column":49}},"type":"cond-expr","locations":[{"start":{"line":68,"column":30},"end":{"line":68,"column":39}},{"start":{"line":68,"column":42},"end":{"line":68,"column":49}}],"line":68},"1":{"loc":{"start":{"line":73,"column":11},"end":{"line":73,"column":54}},"type":"cond-expr","locations":[{"start":{"line":73,"column":30},"end":{"line":73,"column":39}},{"start":{"line":73,"column":42},"end":{"line":73,"column":54}}],"line":73},"2":{"loc":{"start":{"line":92,"column":6},"end":{"line":94,"column":42}},"type":"binary-expr","locations":[{"start":{"line":92,"column":6},"end":{"line":92,"column":21}},{"start":{"line":93,"column":6},"end":{"line":93,"column":21}},{"start":{"line":94,"column":7},"end":{"line":94,"column":25}},{"start":{"line":94,"column":29},"end":{"line":94,"column":41}}],"line":92},"3":{"loc":{"start":{"line":96,"column":4},"end":{"line":99,"column":5}},"type":"if","locations":[{"start":{"line":96,"column":4},"end":{"line":99,"column":5}},{"start":{"line":96,"column":4},"end":{"line":99,"column":5}}],"line":96},"4":{"loc":{"start":{"line":100,"column":4},"end":{"line":104,"column":5}},"type":"if","locations":[{"start":{"line":100,"column":4},"end":{"line":104,"column":5}},{"start":{"line":100,"column":4},"end":{"line":104,"column":5}}],"line":100},"5":{"loc":{"start":{"line":128,"column":4},"end":{"line":133,"column":5}},"type":"if","locations":[{"start":{"line":128,"column":4},"end":{"line":133,"column":5}},{"start":{"line":128,"column":4},"end":{"line":133,"column":5}}],"line":128},"6":{"loc":{"start":{"line":137,"column":4},"end":{"line":139,"column":5}},"type":"if","locations":[{"start":{"line":137,"column":4},"end":{"line":139,"column":5}},{"start":{"line":137,"column":4},"end":{"line":139,"column":5}}],"line":137},"7":{"loc":{"start":{"line":159,"column":4},"end":{"line":164,"column":5}},"type":"if","locations":[{"start":{"line":159,"column":4},"end":{"line":164,"column":5}},{"start":{"line":159,"column":4},"end":{"line":164,"column":5}}],"line":159},"8":{"loc":{"start":{"line":168,"column":4},"end":{"line":183,"column":5}},"type":"if","locations":[{"start":{"line":168,"column":4},"end":{"line":183,"column":5}},{"start":{"line":168,"column":4},"end":{"line":183,"column":5}}],"line":168},"9":{"loc":{"start":{"line":188,"column":4},"end":{"line":195,"column":5}},"type":"if","locations":[{"start":{"line":188,"column":4},"end":{"line":195,"column":5}},{"start":{"line":188,"column":4},"end":{"line":195,"column":5}}],"line":188},"10":{"loc":{"start":{"line":200,"column":21},"end":{"line":200,"column":61}},"type":"cond-expr","locations":[{"start":{"line":200,"column":45},"end":{"line":200,"column":54}},{"start":{"line":200,"column":57},"end":{"line":200,"column":61}}],"line":200}},"s":{"0":2,"1":27,"2":27,"3":27,"4":27,"5":27,"6":27,"7":27,"8":27,"9":27,"10":27,"11":0,"12":0,"13":54,"14":54,"15":52,"16":52,"17":1,"18":1,"19":2,"20":2,"21":14,"22":14,"23":14,"24":7,"25":7,"26":7,"27":2,"28":5,"29":5,"30":5,"31":5,"32":4,"33":4,"34":1,"35":6,"36":2,"37":2,"38":4,"39":3,"40":1,"41":2,"42":2,"43":2,"44":1,"45":1,"46":1,"47":3,"48":2,"49":1,"50":1,"51":52,"52":13,"53":0,"54":39,"55":52,"56":50,"57":2,"58":52,"59":52,"60":0,"61":0,"62":14,"63":1,"64":2,"65":2,"66":2,"67":2,"68":0},"f":{"0":27,"1":27,"2":0,"3":54,"4":52,"5":1,"6":1,"7":2,"8":14,"9":5,"10":4,"11":4,"12":1,"13":6,"14":3,"15":2,"16":1,"17":1,"18":1,"19":3,"20":52,"21":0,"22":52,"23":52,"24":0,"25":0,"26":14,"27":1,"28":2,"29":2,"30":0},"b":{"0":[41,13],"1":[39,13],"2":[14,10,8,6],"3":[7,7],"4":[2,5],"5":[2,4],"6":[1,2],"7":[2,1],"8":[13,39],"9":[50,2],"10":[52,0]},"_coverageSchema":"332fd63041d2c1bcb487cc26dd0d5f7d97098a6c","hash":"2cfa7862ee18253d89c7195f9b73f2dd04960e62"}
,"/home/risto-matti/rm_projects/near_buy/react-native/src/components/items/Items.js": {"path":"/home/risto-matti/rm_projects/near_buy/react-native/src/components/items/Items.js","statementMap":{"0":{"start":{"line":13,"column":4},"end":{"line":13,"column":17}},"1":{"start":{"line":14,"column":4},"end":{"line":20,"column":6}},"2":{"start":{"line":16,"column":39},"end":{"line":16,"column":52}},"3":{"start":{"line":24,"column":25},"end":{"line":24,"column":35}},"4":{"start":{"line":25,"column":4},"end":{"line":33,"column":6}},"5":{"start":{"line":29,"column":29},"end":{"line":29,"column":48}},"6":{"start":{"line":37,"column":4},"end":{"line":37,"column":21}},"7":{"start":{"line":41,"column":20},"end":{"line":41,"column":33}},"8":{"start":{"line":42,"column":4},"end":{"line":42,"column":66}},"9":{"start":{"line":43,"column":4},"end":{"line":43,"column":19}},"10":{"start":{"line":47,"column":4},"end":{"line":47,"column":26}},"11":{"start":{"line":51,"column":14},"end":{"line":51,"column":60}},"12":{"start":{"line":52,"column":4},"end":{"line":62,"column":9}},"13":{"start":{"line":56,"column":24},"end":{"line":56,"column":39}},"14":{"start":{"line":58,"column":8},"end":{"line":58,"column":49}},"15":{"start":{"line":61,"column":8},"end":{"line":61,"column":29}},"16":{"start":{"line":66,"column":4},"end":{"line":77,"column":5}},"17":{"start":{"line":67,"column":6},"end":{"line":70,"column":9}},"18":{"start":{"line":72,"column":6},"end":{"line":76,"column":9}},"19":{"start":{"line":81,"column":4},"end":{"line":83,"column":5}},"20":{"start":{"line":82,"column":6},"end":{"line":82,"column":77}},"21":{"start":{"line":84,"column":4},"end":{"line":93,"column":5}},"22":{"start":{"line":85,"column":6},"end":{"line":85,"column":73}},"23":{"start":{"line":87,"column":6},"end":{"line":92,"column":8}},"24":{"start":{"line":90,"column":29},"end":{"line":90,"column":57}},"25":{"start":{"line":97,"column":4},"end":{"line":106,"column":6}},"26":{"start":{"line":101,"column":25},"end":{"line":101,"column":42}},"27":{"start":{"line":110,"column":24},"end":{"line":115,"column":1}},"28":{"start":{"line":111,"column":2},"end":{"line":114,"column":4}},"29":{"start":{"line":117,"column":27},"end":{"line":123,"column":1}},"30":{"start":{"line":118,"column":2},"end":{"line":122,"column":4}},"31":{"start":{"line":120,"column":6},"end":{"line":120,"column":25}}},"fnMap":{"0":{"name":"(anonymous_0)","decl":{"start":{"line":12,"column":2},"end":{"line":12,"column":3}},"loc":{"start":{"line":12,"column":21},"end":{"line":21,"column":3}},"line":12},"1":{"name":"(anonymous_1)","decl":{"start":{"line":16,"column":23},"end":{"line":16,"column":24}},"loc":{"start":{"line":16,"column":39},"end":{"line":16,"column":52}},"line":16},"2":{"name":"(anonymous_2)","decl":{"start":{"line":23,"column":29},"end":{"line":23,"column":30}},"loc":{"start":{"line":23,"column":49},"end":{"line":34,"column":3}},"line":23},"3":{"name":"(anonymous_3)","decl":{"start":{"line":29,"column":23},"end":{"line":29,"column":24}},"loc":{"start":{"line":29,"column":29},"end":{"line":29,"column":48}},"line":29},"4":{"name":"(anonymous_4)","decl":{"start":{"line":36,"column":2},"end":{"line":36,"column":3}},"loc":{"start":{"line":36,"column":22},"end":{"line":38,"column":3}},"line":36},"5":{"name":"(anonymous_5)","decl":{"start":{"line":40,"column":2},"end":{"line":40,"column":3}},"loc":{"start":{"line":40,"column":15},"end":{"line":44,"column":3}},"line":40},"6":{"name":"(anonymous_6)","decl":{"start":{"line":46,"column":2},"end":{"line":46,"column":3}},"loc":{"start":{"line":46,"column":15},"end":{"line":48,"column":3}},"line":46},"7":{"name":"(anonymous_7)","decl":{"start":{"line":50,"column":2},"end":{"line":50,"column":3}},"loc":{"start":{"line":50,"column":14},"end":{"line":63,"column":3}},"line":50},"8":{"name":"(anonymous_8)","decl":{"start":{"line":56,"column":12},"end":{"line":56,"column":13}},"loc":{"start":{"line":56,"column":24},"end":{"line":56,"column":39}},"line":56},"9":{"name":"(anonymous_9)","decl":{"start":{"line":57,"column":12},"end":{"line":57,"column":13}},"loc":{"start":{"line":57,"column":28},"end":{"line":59,"column":7}},"line":57},"10":{"name":"(anonymous_10)","decl":{"start":{"line":60,"column":13},"end":{"line":60,"column":14}},"loc":{"start":{"line":60,"column":22},"end":{"line":62,"column":7}},"line":60},"11":{"name":"(anonymous_11)","decl":{"start":{"line":65,"column":2},"end":{"line":65,"column":3}},"loc":{"start":{"line":65,"column":38},"end":{"line":78,"column":3}},"line":65},"12":{"name":"(anonymous_12)","decl":{"start":{"line":80,"column":2},"end":{"line":80,"column":3}},"loc":{"start":{"line":80,"column":19},"end":{"line":94,"column":3}},"line":80},"13":{"name":"(anonymous_13)","decl":{"start":{"line":90,"column":21},"end":{"line":90,"column":22}},"loc":{"start":{"line":90,"column":29},"end":{"line":90,"column":57}},"line":90},"14":{"name":"(anonymous_14)","decl":{"start":{"line":96,"column":2},"end":{"line":96,"column":3}},"loc":{"start":{"line":96,"column":11},"end":{"line":107,"column":3}},"line":96},"15":{"name":"(anonymous_15)","decl":{"start":{"line":101,"column":19},"end":{"line":101,"column":20}},"loc":{"start":{"line":101,"column":25},"end":{"line":101,"column":42}},"line":101},"16":{"name":"(anonymous_16)","decl":{"start":{"line":110,"column":24},"end":{"line":110,"column":25}},"loc":{"start":{"line":110,"column":45},"end":{"line":115,"column":1}},"line":110},"17":{"name":"(anonymous_17)","decl":{"start":{"line":117,"column":27},"end":{"line":117,"column":28}},"loc":{"start":{"line":117,"column":39},"end":{"line":123,"column":1}},"line":117},"18":{"name":"(anonymous_18)","decl":{"start":{"line":119,"column":14},"end":{"line":119,"column":15}},"loc":{"start":{"line":119,"column":20},"end":{"line":121,"column":5}},"line":119}},"branchMap":{"0":{"loc":{"start":{"line":66,"column":4},"end":{"line":77,"column":5}},"type":"if","locations":[{"start":{"line":66,"column":4},"end":{"line":77,"column":5}},{"start":{"line":66,"column":4},"end":{"line":77,"column":5}}],"line":66},"1":{"loc":{"start":{"line":81,"column":4},"end":{"line":83,"column":5}},"type":"if","locations":[{"start":{"line":81,"column":4},"end":{"line":83,"column":5}},{"start":{"line":81,"column":4},"end":{"line":83,"column":5}}],"line":81},"2":{"loc":{"start":{"line":84,"column":4},"end":{"line":93,"column":5}},"type":"if","locations":[{"start":{"line":84,"column":4},"end":{"line":93,"column":5}},{"start":{"line":84,"column":4},"end":{"line":93,"column":5}}],"line":84}},"s":{"0":3,"1":3,"2":6,"3":0,"4":0,"5":0,"6":3,"7":3,"8":3,"9":3,"10":0,"11":3,"12":3,"13":3,"14":3,"15":0,"16":4,"17":0,"18":4,"19":7,"20":3,"21":4,"22":0,"23":4,"24":24,"25":7,"26":0,"27":2,"28":0,"29":2,"30":0,"31":0},"f":{"0":3,"1":6,"2":0,"3":0,"4":3,"5":3,"6":0,"7":3,"8":3,"9":3,"10":0,"11":4,"12":7,"13":24,"14":7,"15":0,"16":0,"17":0,"18":0},"b":{"0":[0,4],"1":[3,4],"2":[0,4]},"_coverageSchema":"332fd63041d2c1bcb487cc26dd0d5f7d97098a6c","hash":"0b19034cf2f7a32d8079b85666d3b7afbb3a7a38"}
,"/home/risto-matti/rm_projects/near_buy/react-native/src/components/items/ListViewItem.js": {"path":"/home/risto-matti/rm_projects/near_buy/react-native/src/components/items/ListViewItem.js","statementMap":{"0":{"start":{"line":7,"column":4},"end":{"line":13,"column":6}}},"fnMap":{"0":{"name":"(anonymous_0)","decl":{"start":{"line":6,"column":2},"end":{"line":6,"column":3}},"loc":{"start":{"line":6,"column":11},"end":{"line":14,"column":3}},"line":6}},"branchMap":{},"s":{"0":25},"f":{"0":25},"b":{},"_coverageSchema":"332fd63041d2c1bcb487cc26dd0d5f7d97098a6c","hash":"399b947b58b95b5116987bf7a98de8beb4ba1dd6"}
,"/home/risto-matti/rm_projects/near_buy/react-native/src/components/new_item/ImageRow.js": {"path":"/home/risto-matti/rm_projects/near_buy/react-native/src/components/new_item/ImageRow.js","statementMap":{"0":{"start":{"line":10,"column":4},"end":{"line":10,"column":17}},"1":{"start":{"line":11,"column":4},"end":{"line":11,"column":69}},"2":{"start":{"line":12,"column":4},"end":{"line":12,"column":57}},"3":{"start":{"line":13,"column":4},"end":{"line":13,"column":65}},"4":{"start":{"line":14,"column":4},"end":{"line":14,"column":73}},"5":{"start":{"line":15,"column":4},"end":{"line":15,"column":63}},"6":{"start":{"line":19,"column":4},"end":{"line":35,"column":6}},"7":{"start":{"line":30,"column":25},"end":{"line":30,"column":57}},"8":{"start":{"line":32,"column":41},"end":{"line":32,"column":69}},"9":{"start":{"line":39,"column":4},"end":{"line":45,"column":71}},"10":{"start":{"line":44,"column":21},"end":{"line":44,"column":63}},"11":{"start":{"line":45,"column":22},"end":{"line":45,"column":69}},"12":{"start":{"line":49,"column":4},"end":{"line":55,"column":71}},"13":{"start":{"line":54,"column":21},"end":{"line":54,"column":63}},"14":{"start":{"line":55,"column":22},"end":{"line":55,"column":69}},"15":{"start":{"line":59,"column":4},"end":{"line":68,"column":6}},"16":{"start":{"line":66,"column":23},"end":{"line":66,"column":58}},"17":{"start":{"line":72,"column":18},"end":{"line":72,"column":44}},"18":{"start":{"line":73,"column":4},"end":{"line":80,"column":6}},"19":{"start":{"line":74,"column":41},"end":{"line":74,"column":76}},"20":{"start":{"line":84,"column":4},"end":{"line":94,"column":6}},"21":{"start":{"line":98,"column":0},"end":{"line":118,"column":2}}},"fnMap":{"0":{"name":"(anonymous_0)","decl":{"start":{"line":9,"column":2},"end":{"line":9,"column":3}},"loc":{"start":{"line":9,"column":21},"end":{"line":16,"column":3}},"line":9},"1":{"name":"(anonymous_1)","decl":{"start":{"line":18,"column":2},"end":{"line":18,"column":3}},"loc":{"start":{"line":18,"column":32},"end":{"line":36,"column":3}},"line":18},"2":{"name":"(anonymous_2)","decl":{"start":{"line":25,"column":19},"end":{"line":25,"column":20}},"loc":{"start":{"line":25,"column":25},"end":{"line":25,"column":27}},"line":25},"3":{"name":"(anonymous_3)","decl":{"start":{"line":30,"column":19},"end":{"line":30,"column":20}},"loc":{"start":{"line":30,"column":25},"end":{"line":30,"column":57}},"line":30},"4":{"name":"(anonymous_4)","decl":{"start":{"line":32,"column":35},"end":{"line":32,"column":36}},"loc":{"start":{"line":32,"column":41},"end":{"line":32,"column":69}},"line":32},"5":{"name":"(anonymous_5)","decl":{"start":{"line":38,"column":2},"end":{"line":38,"column":3}},"loc":{"start":{"line":38,"column":26},"end":{"line":46,"column":3}},"line":38},"6":{"name":"(anonymous_6)","decl":{"start":{"line":44,"column":12},"end":{"line":44,"column":13}},"loc":{"start":{"line":44,"column":21},"end":{"line":44,"column":63}},"line":44},"7":{"name":"(anonymous_7)","decl":{"start":{"line":45,"column":13},"end":{"line":45,"column":14}},"loc":{"start":{"line":45,"column":22},"end":{"line":45,"column":69}},"line":45},"8":{"name":"(anonymous_8)","decl":{"start":{"line":48,"column":2},"end":{"line":48,"column":3}},"loc":{"start":{"line":48,"column":30},"end":{"line":56,"column":3}},"line":48},"9":{"name":"(anonymous_9)","decl":{"start":{"line":54,"column":12},"end":{"line":54,"column":13}},"loc":{"start":{"line":54,"column":21},"end":{"line":54,"column":63}},"line":54},"10":{"name":"(anonymous_10)","decl":{"start":{"line":55,"column":13},"end":{"line":55,"column":14}},"loc":{"start":{"line":55,"column":22},"end":{"line":55,"column":69}},"line":55},"11":{"name":"(anonymous_11)","decl":{"start":{"line":58,"column":2},"end":{"line":58,"column":3}},"loc":{"start":{"line":58,"column":35},"end":{"line":69,"column":3}},"line":58},"12":{"name":"(anonymous_12)","decl":{"start":{"line":66,"column":17},"end":{"line":66,"column":18}},"loc":{"start":{"line":66,"column":23},"end":{"line":66,"column":58}},"line":66},"13":{"name":"(anonymous_13)","decl":{"start":{"line":71,"column":2},"end":{"line":71,"column":3}},"loc":{"start":{"line":71,"column":30},"end":{"line":81,"column":3}},"line":71},"14":{"name":"(anonymous_14)","decl":{"start":{"line":74,"column":35},"end":{"line":74,"column":36}},"loc":{"start":{"line":74,"column":41},"end":{"line":74,"column":76}},"line":74},"15":{"name":"(anonymous_15)","decl":{"start":{"line":83,"column":2},"end":{"line":83,"column":3}},"loc":{"start":{"line":83,"column":11},"end":{"line":95,"column":3}},"line":83}},"branchMap":{"0":{"loc":{"start":{"line":72,"column":18},"end":{"line":72,"column":44}},"type":"cond-expr","locations":[{"start":{"line":72,"column":39},"end":{"line":72,"column":40}},{"start":{"line":72,"column":43},"end":{"line":72,"column":44}}],"line":72},"1":{"loc":{"start":{"line":86,"column":9},"end":{"line":88,"column":59}},"type":"cond-expr","locations":[{"start":{"line":87,"column":12},"end":{"line":87,"column":64}},{"start":{"line":88,"column":12},"end":{"line":88,"column":59}}],"line":86},"2":{"loc":{"start":{"line":90,"column":9},"end":{"line":92,"column":60}},"type":"cond-expr","locations":[{"start":{"line":91,"column":12},"end":{"line":91,"column":65}},{"start":{"line":92,"column":12},"end":{"line":92,"column":60}}],"line":90}},"s":{"0":8,"1":8,"2":8,"3":8,"4":8,"5":8,"6":2,"7":0,"8":0,"9":1,"10":1,"11":0,"12":1,"13":1,"14":0,"15":10,"16":1,"17":6,"18":6,"19":1,"20":8,"21":2},"f":{"0":8,"1":2,"2":0,"3":0,"4":0,"5":1,"6":1,"7":0,"8":1,"9":1,"10":0,"11":10,"12":1,"13":6,"14":1,"15":8},"b":{"0":[3,3],"1":[5,3],"2":[5,3]},"_coverageSchema":"332fd63041d2c1bcb487cc26dd0d5f7d97098a6c","hash":"af0b3a6c3d87060eed94db34eb444c31c14776b4"}
,"/home/risto-matti/rm_projects/near_buy/react-native/src/components/new_item/ItemDetails.js": {"path":"/home/risto-matti/rm_projects/near_buy/react-native/src/components/new_item/ItemDetails.js","statementMap":{"0":{"start":{"line":8,"column":4},"end":{"line":8,"column":17}},"1":{"start":{"line":9,"column":4},"end":{"line":13,"column":6}},"2":{"start":{"line":15,"column":4},"end":{"line":15,"column":63}},"3":{"start":{"line":16,"column":4},"end":{"line":16,"column":75}},"4":{"start":{"line":17,"column":4},"end":{"line":17,"column":63}},"5":{"start":{"line":21,"column":4},"end":{"line":21,"column":35}},"6":{"start":{"line":22,"column":4},"end":{"line":22,"column":35}},"7":{"start":{"line":26,"column":4},"end":{"line":26,"column":41}},"8":{"start":{"line":27,"column":4},"end":{"line":27,"column":41}},"9":{"start":{"line":31,"column":18},"end":{"line":31,"column":20}},"10":{"start":{"line":32,"column":20},"end":{"line":32,"column":32}},"11":{"start":{"line":34,"column":4},"end":{"line":38,"column":5}},"12":{"start":{"line":35,"column":6},"end":{"line":37,"column":7}},"13":{"start":{"line":36,"column":8},"end":{"line":36,"column":27}},"14":{"start":{"line":40,"column":4},"end":{"line":40,"column":38}},"15":{"start":{"line":41,"column":4},"end":{"line":41,"column":38}},"16":{"start":{"line":45,"column":4},"end":{"line":88,"column":6}},"17":{"start":{"line":55,"column":34},"end":{"line":55,"column":62}},"18":{"start":{"line":69,"column":34},"end":{"line":69,"column":68}},"19":{"start":{"line":82,"column":34},"end":{"line":82,"column":62}},"20":{"start":{"line":92,"column":0},"end":{"line":96,"column":2}}},"fnMap":{"0":{"name":"(anonymous_0)","decl":{"start":{"line":7,"column":2},"end":{"line":7,"column":3}},"loc":{"start":{"line":7,"column":21},"end":{"line":18,"column":3}},"line":7},"1":{"name":"(anonymous_1)","decl":{"start":{"line":20,"column":2},"end":{"line":20,"column":3}},"loc":{"start":{"line":20,"column":26},"end":{"line":23,"column":3}},"line":20},"2":{"name":"(anonymous_2)","decl":{"start":{"line":25,"column":2},"end":{"line":25,"column":3}},"loc":{"start":{"line":25,"column":32},"end":{"line":28,"column":3}},"line":25},"3":{"name":"(anonymous_3)","decl":{"start":{"line":30,"column":2},"end":{"line":30,"column":3}},"loc":{"start":{"line":30,"column":26},"end":{"line":42,"column":3}},"line":30},"4":{"name":"(anonymous_4)","decl":{"start":{"line":44,"column":2},"end":{"line":44,"column":3}},"loc":{"start":{"line":44,"column":11},"end":{"line":89,"column":3}},"line":44},"5":{"name":"(anonymous_5)","decl":{"start":{"line":55,"column":26},"end":{"line":55,"column":27}},"loc":{"start":{"line":55,"column":34},"end":{"line":55,"column":62}},"line":55},"6":{"name":"(anonymous_6)","decl":{"start":{"line":69,"column":26},"end":{"line":69,"column":27}},"loc":{"start":{"line":69,"column":34},"end":{"line":69,"column":68}},"line":69},"7":{"name":"(anonymous_7)","decl":{"start":{"line":82,"column":26},"end":{"line":82,"column":27}},"loc":{"start":{"line":82,"column":34},"end":{"line":82,"column":62}},"line":82}},"branchMap":{"0":{"loc":{"start":{"line":35,"column":6},"end":{"line":37,"column":7}},"type":"if","locations":[{"start":{"line":35,"column":6},"end":{"line":37,"column":7}},{"start":{"line":35,"column":6},"end":{"line":37,"column":7}}],"line":35}},"s":{"0":4,"1":4,"2":4,"3":4,"4":4,"5":3,"6":3,"7":3,"8":3,"9":3,"10":3,"11":3,"12":29,"13":9,"14":3,"15":3,"16":13,"17":3,"18":3,"19":3,"20":2},"f":{"0":4,"1":3,"2":3,"3":3,"4":13,"5":3,"6":3,"7":3},"b":{"0":[9,20]},"_coverageSchema":"332fd63041d2c1bcb487cc26dd0d5f7d97098a6c","hash":"9f24738fac0e0166b112199d81cfaf87042e6971"}
,"/home/risto-matti/rm_projects/near_buy/react-native/src/components/new_item/NewItem.js": {"path":"/home/risto-matti/rm_projects/near_buy/react-native/src/components/new_item/NewItem.js","statementMap":{"0":{"start":{"line":21,"column":25},"end":{"line":24,"column":1}},"1":{"start":{"line":26,"column":25},"end":{"line":29,"column":1}},"2":{"start":{"line":33,"column":4},"end":{"line":33,"column":17}},"3":{"start":{"line":34,"column":4},"end":{"line":39,"column":6}},"4":{"start":{"line":41,"column":4},"end":{"line":41,"column":63}},"5":{"start":{"line":42,"column":4},"end":{"line":42,"column":75}},"6":{"start":{"line":43,"column":4},"end":{"line":43,"column":63}},"7":{"start":{"line":44,"column":4},"end":{"line":44,"column":51}},"8":{"start":{"line":52,"column":20},"end":{"line":52,"column":33}},"9":{"start":{"line":53,"column":4},"end":{"line":53,"column":55}},"10":{"start":{"line":54,"column":4},"end":{"line":57,"column":6}},"11":{"start":{"line":58,"column":4},"end":{"line":58,"column":19}},"12":{"start":{"line":62,"column":24},"end":{"line":65,"column":6}},"13":{"start":{"line":66,"column":4},"end":{"line":66,"column":48}},"14":{"start":{"line":70,"column":42},"end":{"line":70,"column":52}},"15":{"start":{"line":71,"column":4},"end":{"line":74,"column":5}},"16":{"start":{"line":72,"column":6},"end":{"line":72,"column":48}},"17":{"start":{"line":73,"column":6},"end":{"line":73,"column":13}},"18":{"start":{"line":75,"column":16},"end":{"line":75,"column":57}},"19":{"start":{"line":76,"column":4},"end":{"line":91,"column":9}},"20":{"start":{"line":85,"column":24},"end":{"line":85,"column":39}},"21":{"start":{"line":87,"column":8},"end":{"line":87,"column":42}},"22":{"start":{"line":90,"column":8},"end":{"line":90,"column":29}},"23":{"start":{"line":95,"column":4},"end":{"line":99,"column":5}},"24":{"start":{"line":96,"column":6},"end":{"line":96,"column":54}},"25":{"start":{"line":98,"column":6},"end":{"line":98,"column":66}},"26":{"start":{"line":103,"column":4},"end":{"line":111,"column":6}},"27":{"start":{"line":106,"column":23},"end":{"line":106,"column":51}},"28":{"start":{"line":115,"column":4},"end":{"line":119,"column":7}},"29":{"start":{"line":116,"column":19},"end":{"line":116,"column":35}},"30":{"start":{"line":117,"column":6},"end":{"line":117,"column":25}},"31":{"start":{"line":118,"column":6},"end":{"line":118,"column":20}},"32":{"start":{"line":123,"column":4},"end":{"line":123,"column":35}},"33":{"start":{"line":127,"column":4},"end":{"line":127,"column":41}},"34":{"start":{"line":131,"column":4},"end":{"line":131,"column":35}},"35":{"start":{"line":135,"column":29},"end":{"line":139,"column":5}},"36":{"start":{"line":141,"column":31},"end":{"line":145,"column":5}},"37":{"start":{"line":147,"column":32},"end":{"line":151,"column":5}},"38":{"start":{"line":153,"column":4},"end":{"line":164,"column":6}}},"fnMap":{"0":{"name":"(anonymous_0)","decl":{"start":{"line":32,"column":2},"end":{"line":32,"column":3}},"loc":{"start":{"line":32,"column":21},"end":{"line":45,"column":3}},"line":32},"1":{"name":"(anonymous_1)","decl":{"start":{"line":51,"column":2},"end":{"line":51,"column":3}},"loc":{"start":{"line":51,"column":15},"end":{"line":59,"column":3}},"line":51},"2":{"name":"(anonymous_2)","decl":{"start":{"line":61,"column":2},"end":{"line":61,"column":3}},"loc":{"start":{"line":61,"column":49},"end":{"line":67,"column":3}},"line":61},"3":{"name":"(anonymous_3)","decl":{"start":{"line":69,"column":2},"end":{"line":69,"column":3}},"loc":{"start":{"line":69,"column":26},"end":{"line":92,"column":3}},"line":69},"4":{"name":"(anonymous_4)","decl":{"start":{"line":85,"column":12},"end":{"line":85,"column":13}},"loc":{"start":{"line":85,"column":24},"end":{"line":85,"column":39}},"line":85},"5":{"name":"(anonymous_5)","decl":{"start":{"line":86,"column":12},"end":{"line":86,"column":13}},"loc":{"start":{"line":86,"column":28},"end":{"line":88,"column":7}},"line":86},"6":{"name":"(anonymous_6)","decl":{"start":{"line":89,"column":13},"end":{"line":89,"column":14}},"loc":{"start":{"line":89,"column":22},"end":{"line":91,"column":7}},"line":89},"7":{"name":"(anonymous_7)","decl":{"start":{"line":94,"column":2},"end":{"line":94,"column":3}},"loc":{"start":{"line":94,"column":31},"end":{"line":100,"column":3}},"line":94},"8":{"name":"(anonymous_8)","decl":{"start":{"line":102,"column":2},"end":{"line":102,"column":3}},"loc":{"start":{"line":102,"column":23},"end":{"line":112,"column":3}},"line":102},"9":{"name":"(anonymous_9)","decl":{"start":{"line":106,"column":17},"end":{"line":106,"column":18}},"loc":{"start":{"line":106,"column":23},"end":{"line":106,"column":51}},"line":106},"10":{"name":"(anonymous_10)","decl":{"start":{"line":114,"column":2},"end":{"line":114,"column":3}},"loc":{"start":{"line":114,"column":25},"end":{"line":120,"column":3}},"line":114},"11":{"name":"(anonymous_11)","decl":{"start":{"line":115,"column":18},"end":{"line":115,"column":19}},"loc":{"start":{"line":115,"column":31},"end":{"line":119,"column":5}},"line":115},"12":{"name":"(anonymous_12)","decl":{"start":{"line":122,"column":2},"end":{"line":122,"column":3}},"loc":{"start":{"line":122,"column":26},"end":{"line":124,"column":3}},"line":122},"13":{"name":"(anonymous_13)","decl":{"start":{"line":126,"column":2},"end":{"line":126,"column":3}},"loc":{"start":{"line":126,"column":32},"end":{"line":128,"column":3}},"line":126},"14":{"name":"(anonymous_14)","decl":{"start":{"line":130,"column":2},"end":{"line":130,"column":3}},"loc":{"start":{"line":130,"column":26},"end":{"line":132,"column":3}},"line":130},"15":{"name":"(anonymous_15)","decl":{"start":{"line":134,"column":2},"end":{"line":134,"column":3}},"loc":{"start":{"line":134,"column":11},"end":{"line":165,"column":3}},"line":134}},"branchMap":{"0":{"loc":{"start":{"line":71,"column":4},"end":{"line":74,"column":5}},"type":"if","locations":[{"start":{"line":71,"column":4},"end":{"line":74,"column":5}},{"start":{"line":71,"column":4},"end":{"line":74,"column":5}}],"line":71},"1":{"loc":{"start":{"line":71,"column":8},"end":{"line":71,"column":58}},"type":"binary-expr","locations":[{"start":{"line":71,"column":8},"end":{"line":71,"column":20}},{"start":{"line":71,"column":24},"end":{"line":71,"column":36}},{"start":{"line":71,"column":40},"end":{"line":71,"column":58}}],"line":71},"2":{"loc":{"start":{"line":95,"column":4},"end":{"line":99,"column":5}},"type":"if","locations":[{"start":{"line":95,"column":4},"end":{"line":99,"column":5}},{"start":{"line":95,"column":4},"end":{"line":99,"column":5}}],"line":95},"3":{"loc":{"start":{"line":95,"column":8},"end":{"line":95,"column":73}},"type":"binary-expr","locations":[{"start":{"line":95,"column":8},"end":{"line":95,"column":25}},{"start":{"line":95,"column":29},"end":{"line":95,"column":73}}],"line":95}},"s":{"0":1,"1":1,"2":8,"3":8,"4":8,"5":8,"6":8,"7":8,"8":2,"9":2,"10":2,"11":2,"12":1,"13":1,"14":2,"15":2,"16":1,"17":1,"18":1,"19":1,"20":1,"21":1,"22":0,"23":3,"24":1,"25":2,"26":16,"27":1,"28":1,"29":1,"30":1,"31":1,"32":1,"33":1,"34":1,"35":16,"36":16,"37":16,"38":16},"f":{"0":8,"1":2,"2":1,"3":2,"4":1,"5":1,"6":0,"7":3,"8":16,"9":1,"10":1,"11":1,"12":1,"13":1,"14":1,"15":16},"b":{"0":[1,1],"1":[2,1,1],"2":[1,2],"3":[3,2]},"_coverageSchema":"332fd63041d2c1bcb487cc26dd0d5f7d97098a6c","hash":"143c4381ab6483adb7ba0e5b593424dfd7ec5724"}
,"/home/risto-matti/rm_projects/near_buy/react-native/src/networking/networking.js": {"path":"/home/risto-matti/rm_projects/near_buy/react-native/src/networking/networking.js","statementMap":{"0":{"start":{"line":1,"column":15},"end":{"line":1,"column":33}},"1":{"start":{"line":3,"column":27},"end":{"line":6,"column":1}},"2":{"start":{"line":8,"column":21},"end":{"line":11,"column":1}},"3":{"start":{"line":9,"column":22},"end":{"line":9,"column":47}},"4":{"start":{"line":10,"column":2},"end":{"line":10,"column":36}},"5":{"start":{"line":13,"column":36},"end":{"line":18,"column":1}},"6":{"start":{"line":14,"column":18},"end":{"line":14,"column":31}},"7":{"start":{"line":15,"column":15},"end":{"line":15,"column":47}},"8":{"start":{"line":16,"column":2},"end":{"line":16,"column":51}},"9":{"start":{"line":17,"column":2},"end":{"line":17,"column":17}},"10":{"start":{"line":20,"column":35},"end":{"line":23,"column":1}},"11":{"start":{"line":21,"column":22},"end":{"line":21,"column":56}},"12":{"start":{"line":22,"column":2},"end":{"line":22,"column":36}},"13":{"start":{"line":25,"column":33},"end":{"line":25,"column":57}},"14":{"start":{"line":25,"column":39},"end":{"line":25,"column":57}}},"fnMap":{"0":{"name":"(anonymous_0)","decl":{"start":{"line":8,"column":21},"end":{"line":8,"column":22}},"loc":{"start":{"line":8,"column":45},"end":{"line":11,"column":1}},"line":8},"1":{"name":"(anonymous_1)","decl":{"start":{"line":13,"column":36},"end":{"line":13,"column":37}},"loc":{"start":{"line":13,"column":60},"end":{"line":18,"column":1}},"line":13},"2":{"name":"(anonymous_2)","decl":{"start":{"line":20,"column":35},"end":{"line":20,"column":36}},"loc":{"start":{"line":20,"column":66},"end":{"line":23,"column":1}},"line":20},"3":{"name":"(anonymous_3)","decl":{"start":{"line":25,"column":33},"end":{"line":25,"column":34}},"loc":{"start":{"line":25,"column":39},"end":{"line":25,"column":57}},"line":25}},"branchMap":{},"s":{"0":3,"1":3,"2":3,"3":6,"4":6,"5":3,"6":4,"7":4,"8":4,"9":4,"10":3,"11":7,"12":7,"13":3,"14":5},"f":{"0":6,"1":4,"2":7,"3":5},"b":{},"_coverageSchema":"332fd63041d2c1bcb487cc26dd0d5f7d97098a6c","hash":"e2bb37df2b4a6e8b14c8203d72f57e8499a2935a"}
,"/home/risto-matti/rm_projects/near_buy/react-native/src/static/constants.js": {"path":"/home/risto-matti/rm_projects/near_buy/react-native/src/static/constants.js","statementMap":{"0":{"start":{"line":3,"column":13},"end":{"line":3,"column":41}},"1":{"start":{"line":5,"column":18},"end":{"line":5,"column":66}},"2":{"start":{"line":6,"column":18},"end":{"line":6,"column":58}},"3":{"start":{"line":7,"column":21},"end":{"line":7,"column":52}},"4":{"start":{"line":9,"column":2},"end":{"line":9,"column":74}},"5":{"start":{"line":10,"column":38},"end":{"line":10,"column":74}},"6":{"start":{"line":11,"column":14},"end":{"line":11,"column":44}},"7":{"start":{"line":12,"column":27},"end":{"line":12,"column":82}},"8":{"start":{"line":13,"column":34},"end":{"line":16,"column":1}}},"fnMap":{},"branchMap":{"0":{"loc":{"start":{"line":5,"column":18},"end":{"line":5,"column":66}},"type":"cond-expr","locations":[{"start":{"line":5,"column":42},"end":{"line":5,"column":53}},{"start":{"line":5,"column":56},"end":{"line":5,"column":66}}],"line":5}},"s":{"0":7,"1":7,"2":7,"3":7,"4":7,"5":7,"6":7,"7":7,"8":7},"f":{},"b":{"0":[7,0]},"_coverageSchema":"332fd63041d2c1bcb487cc26dd0d5f7d97098a6c","hash":"01eb4f4e6150abff7657d408cefa559c232112d6"}
,"/home/risto-matti/rm_projects/near_buy/react-native/src/static/images/logo.png": {"path":"/home/risto-matti/rm_projects/near_buy/react-native/src/static/images/logo.png","statementMap":{"0":{"start":{"line":1,"column":0},"end":{"line":3,"column":6}}},"fnMap":{},"branchMap":{},"s":{"0":7},"f":{},"b":{},"_coverageSchema":"332fd63041d2c1bcb487cc26dd0d5f7d97098a6c","hash":"dd46bd407ff80d748cb1f32074556bf66cac74c9"}
,"/home/risto-matti/rm_projects/near_buy/react-native/src/static/samples/ItemSample.js": {"path":"/home/risto-matti/rm_projects/near_buy/react-native/src/static/samples/ItemSample.js","statementMap":{"0":{"start":{"line":1,"column":22},"end":{"line":94,"column":1}}},"fnMap":{},"branchMap":{},"s":{"0":2},"f":{},"b":{},"_coverageSchema":"332fd63041d2c1bcb487cc26dd0d5f7d97098a6c","hash":"c6476047008bdbd9a06a0797ccb83db8fc5b5fc4"}
,"/home/risto-matti/rm_projects/near_buy/react-native/src/static/samples/loginAndRegisteringSamples.js": {"path":"/home/risto-matti/rm_projects/near_buy/react-native/src/static/samples/loginAndRegisteringSamples.js","statementMap":{"0":{"start":{"line":1,"column":39},"end":{"line":6,"column":1}},"1":{"start":{"line":8,"column":41},"end":{"line":10,"column":1}},"2":{"start":{"line":12,"column":45},"end":{"line":14,"column":1}},"3":{"start":{"line":16,"column":45},"end":{"line":18,"column":1}}},"fnMap":{},"branchMap":{},"s":{"0":1,"1":1,"2":1,"3":1},"f":{},"b":{},"_coverageSchema":"332fd63041d2c1bcb487cc26dd0d5f7d97098a6c","hash":"5226509d3f7fd718f3df113d70ac230e4640c092"}
,"/home/risto-matti/rm_projects/near_buy/react-native/src/static/samples/mockedListViewItem.js": {"path":"/home/risto-matti/rm_projects/near_buy/react-native/src/static/samples/mockedListViewItem.js","statementMap":{"0":{"start":{"line":1,"column":34},"end":{"line":15,"column":1}}},"fnMap":{},"branchMap":{},"s":{"0":1},"f":{},"b":{},"_coverageSchema":"332fd63041d2c1bcb487cc26dd0d5f7d97098a6c","hash":"4158225dbd545cc48ccdad50cddd7e71ceb179d7"}
,"/home/risto-matti/rm_projects/near_buy/react-native/src/static/styles/ItemsStyles.js": {"path":"/home/risto-matti/rm_projects/near_buy/react-native/src/static/styles/ItemsStyles.js","statementMap":{"0":{"start":{"line":3,"column":22},"end":{"line":20,"column":2}}},"fnMap":{},"branchMap":{},"s":{"0":2},"f":{},"b":{},"_coverageSchema":"332fd63041d2c1bcb487cc26dd0d5f7d97098a6c","hash":"df8d9918103120b43a6ab316d3932c1bef8b88be"}
,"/home/risto-matti/rm_projects/near_buy/react-native/src/static/styles/ListViewItemStyle.js": {"path":"/home/risto-matti/rm_projects/near_buy/react-native/src/static/styles/ListViewItemStyle.js","statementMap":{"0":{"start":{"line":4,"column":22},"end":{"line":15,"column":2}}},"fnMap":{},"branchMap":{},"s":{"0":3},"f":{},"b":{},"_coverageSchema":"332fd63041d2c1bcb487cc26dd0d5f7d97098a6c","hash":"e1648ff976bb927fbf36aeed7c02aa8a87c7a70c"}
,"/home/risto-matti/rm_projects/near_buy/react-native/src/static/styles/LoginStyles.js": {"path":"/home/risto-matti/rm_projects/near_buy/react-native/src/static/styles/LoginStyles.js","statementMap":{"0":{"start":{"line":5,"column":27},"end":{"line":5,"column":63}},"1":{"start":{"line":6,"column":29},"end":{"line":6,"column":67}},"2":{"start":{"line":8,"column":22},"end":{"line":70,"column":2}}},"fnMap":{},"branchMap":{},"s":{"0":2,"1":2,"2":2},"f":{},"b":{},"_coverageSchema":"332fd63041d2c1bcb487cc26dd0d5f7d97098a6c","hash":"5a70e1e86f2d18cee76ac03c5eaaf0f0e5ed3670"}
,"/home/risto-matti/rm_projects/near_buy/react-native/src/static/styles/NewItemStyles.js": {"path":"/home/risto-matti/rm_projects/near_buy/react-native/src/static/styles/NewItemStyles.js","statementMap":{"0":{"start":{"line":5,"column":26},"end":{"line":5,"column":50}},"1":{"start":{"line":7,"column":30},"end":{"line":7,"column":42}},"2":{"start":{"line":8,"column":22},"end":{"line":14,"column":1}},"3":{"start":{"line":16,"column":22},"end":{"line":87,"column":2}}},"fnMap":{},"branchMap":{},"s":{"0":3,"1":3,"2":3,"3":3},"f":{},"b":{},"_coverageSchema":"332fd63041d2c1bcb487cc26dd0d5f7d97098a6c","hash":"f763bb0ddb0e7ea5893495deb9219b6e5684e368"}
,"/home/risto-matti/rm_projects/near_buy/react-native/src/static/styles/baseStyles.js": {"path":"/home/risto-matti/rm_projects/near_buy/react-native/src/static/styles/baseStyles.js","statementMap":{"0":{"start":{"line":3,"column":24},"end":{"line":3,"column":42}},"1":{"start":{"line":4,"column":20},"end":{"line":4,"column":35}},"2":{"start":{"line":6,"column":24},"end":{"line":6,"column":77}}},"fnMap":{},"branchMap":{"0":{"loc":{"start":{"line":6,"column":24},"end":{"line":6,"column":77}},"type":"cond-expr","locations":[{"start":{"line":6,"column":48},"end":{"line":6,"column":59}},{"start":{"line":6,"column":62},"end":{"line":6,"column":77}}],"line":6}},"s":{"0":5,"1":5,"2":5},"f":{},"b":{"0":[5,0]},"_coverageSchema":"332fd63041d2c1bcb487cc26dd0d5f7d97098a6c","hash":"429010be8cbd5c8435401c1d810e0cf049fb281c"}
}
