TN:
SF:/Users/ristomatti/PycharmProjects/near_buy/react-native/test-setup.js
FNF:0
FNH:0
DA:4,4
LF:1
LH:1
BRF:0
BRH:0
end_of_record
TN:
SF:/Users/ristomatti/PycharmProjects/near_buy/react-native/components/Items.js
FN:15,(anonymous_0)
FN:19,(anonymous_1)
FN:31,(anonymous_2)
FN:35,(anonymous_3)
FN:39,(anonymous_4)
FN:45,(anonymous_5)
FN:51,(anonymous_6)
FN:52,(anonymous_7)
FN:55,(anonymous_8)
FN:60,(anonymous_9)
FN:75,(anonymous_10)
FN:80,(anonymous_11)
FN:86,(anonymous_12)
FN:89,(anonymous_13)
FN:97,(anonymous_14)
FN:115,(anonymous_15)
FN:121,(anonymous_16)
FN:159,(anonymous_17)
FN:166,(anonymous_18)
FN:168,(anonymous_19)
FNF:20
FNH:6
FNDA:2,(anonymous_0)
FNDA:0,(anonymous_1)
FNDA:0,(anonymous_2)
FNDA:2,(anonymous_3)
FNDA:2,(anonymous_4)
FNDA:2,(anonymous_5)
FNDA:0,(anonymous_6)
FNDA:0,(anonymous_7)
FNDA:0,(anonymous_8)
FNDA:0,(anonymous_9)
FNDA:0,(anonymous_10)
FNDA:2,(anonymous_11)
FNDA:0,(anonymous_12)
FNDA:0,(anonymous_13)
FNDA:2,(anonymous_14)
FNDA:0,(anonymous_15)
FNDA:0,(anonymous_16)
FNDA:0,(anonymous_17)
FNDA:0,(anonymous_18)
FNDA:0,(anonymous_19)
DA:16,2
DA:17,2
DA:19,0
DA:32,0
DA:36,2
DA:40,2
DA:41,2
DA:42,2
DA:46,2
DA:47,2
DA:51,0
DA:53,0
DA:56,0
DA:61,0
DA:62,0
DA:67,0
DA:76,0
DA:77,0
DA:81,2
DA:86,0
DA:89,0
DA:98,2
DA:99,2
DA:105,0
DA:106,0
DA:112,0
DA:115,0
DA:122,0
DA:138,1
DA:159,1
DA:160,0
DA:166,1
DA:167,0
DA:168,0
LF:34
LH:14
BRDA:61,0,0,0
BRDA:61,0,1,0
BRDA:98,1,0,2
BRDA:98,1,1,0
BRDA:105,2,0,0
BRDA:105,2,1,0
BRF:6
BRH:1
end_of_record
TN:
SF:/Users/ristomatti/PycharmProjects/near_buy/react-native/components/Login.js
FN:22,(anonymous_0)
FN:33,(anonymous_1)
FN:38,(anonymous_2)
FN:43,(anonymous_3)
FN:48,(anonymous_4)
FN:63,(anonymous_5)
FN:76,(anonymous_6)
FN:77,(anonymous_7)
FN:86,(anonymous_8)
FN:92,(anonymous_9)
FN:99,(anonymous_10)
FN:100,(anonymous_11)
FN:109,(anonymous_12)
FN:114,(anonymous_13)
FN:124,(anonymous_14)
FN:125,(anonymous_15)
FN:131,(anonymous_16)
FN:146,(anonymous_17)
FN:162,(anonymous_18)
FN:165,(anonymous_19)
FN:172,(anonymous_20)
FN:174,(anonymous_21)
FN:177,(anonymous_22)
FN:179,(anonymous_23)
FN:192,(anonymous_24)
FN:198,(anonymous_25)
FN:200,(anonymous_26)
FNF:27
FNH:8
FNDA:13,(anonymous_0)
FNDA:17,(anonymous_1)
FNDA:16,(anonymous_2)
FNDA:1,(anonymous_3)
FNDA:5,(anonymous_4)
FNDA:0,(anonymous_5)
FNDA:0,(anonymous_6)
FNDA:0,(anonymous_7)
FNDA:0,(anonymous_8)
FNDA:0,(anonymous_9)
FNDA:0,(anonymous_10)
FNDA:0,(anonymous_11)
FNDA:0,(anonymous_12)
FNDA:14,(anonymous_13)
FNDA:0,(anonymous_14)
FNDA:0,(anonymous_15)
FNDA:14,(anonymous_16)
FNDA:14,(anonymous_17)
FNDA:0,(anonymous_18)
FNDA:0,(anonymous_19)
FNDA:0,(anonymous_20)
FNDA:0,(anonymous_21)
FNDA:0,(anonymous_22)
FNDA:0,(anonymous_23)
FNDA:0,(anonymous_24)
FNDA:0,(anonymous_25)
FNDA:0,(anonymous_26)
DA:23,13
DA:24,13
DA:34,17
DA:35,17
DA:39,16
DA:40,16
DA:44,1
DA:45,1
DA:51,5
DA:52,5
DA:53,2
DA:54,2
DA:56,3
DA:57,2
DA:59,1
DA:64,0
DA:65,0
DA:66,0
DA:76,0
DA:78,0
DA:79,0
DA:80,0
DA:81,0
DA:83,0
DA:87,0
DA:88,0
DA:93,0
DA:94,0
DA:95,0
DA:99,0
DA:101,0
DA:102,0
DA:103,0
DA:105,0
DA:106,0
DA:110,0
DA:115,14
DA:116,1
DA:124,0
DA:125,0
DA:132,14
DA:133,14
DA:147,14
DA:162,0
DA:165,0
DA:172,0
DA:174,0
DA:177,0
DA:179,0
DA:192,2
DA:193,0
DA:198,2
DA:199,0
DA:200,0
DA:204,2
LF:55
LH:23
BRDA:35,0,0,15
BRDA:35,0,1,2
BRDA:40,1,0,14
BRDA:40,1,1,2
BRDA:52,2,0,2
BRDA:52,2,1,3
BRDA:52,3,0,5
BRDA:52,3,1,4
BRDA:52,3,2,4
BRDA:52,3,3,2
BRDA:56,4,0,2
BRDA:56,4,1,1
BRDA:78,5,0,0
BRDA:78,5,1,0
BRDA:102,6,0,0
BRDA:102,6,1,0
BRDA:115,7,0,1
BRDA:115,7,1,13
BRDA:132,8,0,14
BRDA:132,8,1,0
BRF:20
BRH:15
end_of_record
TN:
SF:/Users/ristomatti/PycharmProjects/near_buy/react-native/redux/actions/auth.js
FN:1,(anonymous_0)
FN:9,(anonymous_1)
FN:15,(anonymous_2)
FN:16,(anonymous_3)
FNF:4
FNH:0
FNDA:0,(anonymous_0)
FNDA:0,(anonymous_1)
FNDA:0,(anonymous_2)
FNDA:0,(anonymous_3)
DA:1,2
DA:2,0
DA:9,2
DA:10,0
DA:15,2
DA:16,0
LF:6
LH:3
BRF:0
BRH:0
end_of_record
TN:
SF:/Users/ristomatti/PycharmProjects/near_buy/react-native/redux/reducers/auth.js
FN:7,reducer
FNF:1
FNH:1
FNDA:3,reducer
DA:1,1
DA:8,3
DA:10,1
DA:16,1
DA:22,1
LF:5
LH:5
BRDA:7,0,0,0
BRDA:8,1,0,1
BRDA:8,1,1,1
BRDA:8,1,2,1
BRF:4
BRH:3
end_of_record
TN:
SF:/Users/ristomatti/PycharmProjects/near_buy/react-native/src/networking.js
FN:6,generateHash
FN:11,generateHeadersForBasicAuth
FN:18,generateHashForRegistering
FNF:3
FNH:3
FNDA:4,generateHash
FNDA:2,generateHeadersForBasicAuth
FNDA:2,generateHashForRegistering
DA:3,3
DA:7,4
DA:8,4
DA:12,2
DA:13,2
DA:14,2
DA:15,2
DA:19,2
DA:20,2
LF:9
LH:9
BRF:0
BRH:0
end_of_record
TN:
SF:/Users/ristomatti/PycharmProjects/near_buy/react-native/src/static/constants.js
FNF:0
FNH:0
DA:4,2
DA:5,2
DA:6,2
DA:7,2
DA:8,2
LF:5
LH:5
BRDA:4,0,0,2
BRDA:4,0,1,0
BRF:2
BRH:1
end_of_record
