TN:
SF:/home/risto-matti/rm_projects/near_buy/react-native/test-setup.js
FNF:0
FNH:0
DA:4,11
LF:1
LH:1
BRF:0
BRH:0
end_of_record
TN:
SF:/home/risto-matti/rm_projects/near_buy/react-native/.config/jest/globalFetch.js
FN:7,(anonymous_0)
FN:8,(anonymous_1)
FN:9,(anonymous_2)
FN:13,(anonymous_3)
FN:14,(anonymous_4)
FNF:5
FNH:5
FNDA:10,(anonymous_0)
FNDA:9,(anonymous_1)
FNDA:9,(anonymous_2)
FNDA:2,(anonymous_3)
FNDA:2,(anonymous_4)
DA:2,11
DA:4,11
DA:5,11
DA:7,11
DA:8,10
DA:9,9
DA:13,11
DA:14,2
LF:8
LH:8
BRF:0
BRH:0
end_of_record
TN:
SF:/home/risto-matti/rm_projects/near_buy/react-native/redux/index.js
FNF:0
FNH:0
DA:4,1
LF:1
LH:1
BRF:0
BRH:0
end_of_record
TN:
SF:/home/risto-matti/rm_projects/near_buy/react-native/redux/actions/auth.js
FN:1,(anonymous_0)
FN:9,(anonymous_1)
FNF:2
FNH:2
FNDA:1,(anonymous_0)
FNDA:1,(anonymous_1)
DA:1,4
DA:2,1
DA:9,4
DA:10,1
LF:4
LH:4
BRF:0
BRH:0
end_of_record
TN:
SF:/home/risto-matti/rm_projects/near_buy/react-native/redux/constants/actionTypes/ActionTypes.js
FNF:0
FNH:0
DA:1,1
DA:2,1
LF:2
LH:2
BRF:0
BRH:0
end_of_record
TN:
SF:/home/risto-matti/rm_projects/near_buy/react-native/redux/reducers/auth.js
FN:7,(anonymous_0)
FNF:1
FNH:1
FNDA:6,(anonymous_0)
DA:1,2
DA:7,2
DA:8,6
DA:10,1
DA:16,1
DA:22,4
LF:6
LH:6
BRDA:7,0,0,3
BRDA:8,1,0,1
BRDA:8,1,1,1
BRDA:8,1,2,4
BRF:4
BRH:4
end_of_record
TN:
SF:/home/risto-matti/rm_projects/near_buy/react-native/redux/reducers/index.js
FNF:0
FNH:0
DA:4,1
LF:1
LH:1
BRF:0
BRH:0
end_of_record
TN:
SF:/home/risto-matti/rm_projects/near_buy/react-native/src/Permissions.js
FN:3,(anonymous_0)
FN:7,(anonymous_1)
FN:16,(anonymous_2)
FN:25,(anonymous_3)
FN:33,(anonymous_4)
FN:42,(anonymous_5)
FN:54,(anonymous_6)
FNF:7
FNH:7
FNDA:2,(anonymous_0)
FNDA:1,(anonymous_1)
FNDA:1,(anonymous_2)
FNDA:1,(anonymous_3)
FNDA:1,(anonymous_4)
FNDA:2,(anonymous_5)
FNDA:2,(anonymous_6)
DA:3,1
DA:6,2
DA:10,1
DA:11,1
DA:13,0
DA:17,1
DA:18,1
DA:20,0
DA:25,1
DA:28,1
DA:34,1
DA:35,1
DA:37,0
DA:42,1
DA:45,2
DA:55,2
DA:56,1
DA:58,1
LF:18
LH:15
BRDA:4,0,0,0
BRDA:10,1,0,1
BRDA:10,1,1,0
BRDA:10,2,0,1
BRDA:10,2,1,0
BRDA:17,3,0,1
BRDA:17,3,1,0
BRDA:17,4,0,1
BRDA:17,4,1,0
BRDA:26,5,0,0
BRDA:34,6,0,1
BRDA:34,6,1,0
BRDA:34,7,0,1
BRDA:34,7,1,0
BRDA:43,8,0,0
BRDA:55,9,0,1
BRDA:55,9,1,1
BRDA:55,10,0,2
BRDA:55,10,1,1
BRF:19
BRH:10
end_of_record
TN:
SF:/home/risto-matti/rm_projects/near_buy/react-native/src/components/Login.js
FN:32,(anonymous_0)
FN:50,(anonymous_1)
FN:61,(anonymous_2)
FN:66,(anonymous_3)
FN:71,(anonymous_4)
FN:76,(anonymous_5)
FN:80,(anonymous_6)
FN:84,(anonymous_7)
FN:89,(anonymous_8)
FN:107,(anonymous_9)
FN:118,(anonymous_10)
FN:119,(anonymous_11)
FN:122,(anonymous_12)
FN:127,(anonymous_13)
FN:136,(anonymous_14)
FN:142,(anonymous_15)
FN:149,(anonymous_16)
FN:150,(anonymous_17)
FN:153,(anonymous_18)
FN:158,(anonymous_19)
FN:167,(anonymous_20)
FN:179,(anonymous_21)
FN:187,(anonymous_22)
FN:199,(anonymous_23)
FN:216,(anonymous_24)
FN:227,(anonymous_25)
FN:232,(anonymous_26)
FN:240,(anonymous_27)
FN:256,(anonymous_28)
FN:262,(anonymous_29)
FN:264,(anonymous_30)
FNF:31
FNH:26
FNDA:27,(anonymous_0)
FNDA:27,(anonymous_1)
FNDA:0,(anonymous_2)
FNDA:54,(anonymous_3)
FNDA:52,(anonymous_4)
FNDA:1,(anonymous_5)
FNDA:1,(anonymous_6)
FNDA:2,(anonymous_7)
FNDA:14,(anonymous_8)
FNDA:5,(anonymous_9)
FNDA:4,(anonymous_10)
FNDA:4,(anonymous_11)
FNDA:1,(anonymous_12)
FNDA:6,(anonymous_13)
FNDA:3,(anonymous_14)
FNDA:2,(anonymous_15)
FNDA:1,(anonymous_16)
FNDA:1,(anonymous_17)
FNDA:1,(anonymous_18)
FNDA:3,(anonymous_19)
FNDA:52,(anonymous_20)
FNDA:0,(anonymous_21)
FNDA:52,(anonymous_22)
FNDA:52,(anonymous_23)
FNDA:0,(anonymous_24)
FNDA:0,(anonymous_25)
FNDA:14,(anonymous_26)
FNDA:1,(anonymous_27)
FNDA:2,(anonymous_28)
FNDA:2,(anonymous_29)
FNDA:0,(anonymous_30)
DA:29,2
DA:33,27
DA:34,27
DA:42,27
DA:43,27
DA:44,27
DA:45,27
DA:46,27
DA:47,27
DA:51,27
DA:55,27
DA:62,0
DA:63,0
DA:67,54
DA:68,54
DA:72,52
DA:73,52
DA:77,1
DA:81,1
DA:85,2
DA:86,2
DA:90,14
DA:92,14
DA:96,14
DA:97,7
DA:98,7
DA:100,7
DA:101,2
DA:103,5
DA:108,5
DA:109,5
DA:111,5
DA:118,4
DA:120,4
DA:123,1
DA:128,6
DA:129,2
DA:130,2
DA:132,4
DA:137,3
DA:138,1
DA:143,2
DA:144,2
DA:145,2
DA:149,1
DA:151,1
DA:154,1
DA:159,3
DA:160,2
DA:162,1
DA:163,1
DA:168,52
DA:169,13
DA:179,0
DA:184,39
DA:188,52
DA:189,50
DA:196,2
DA:200,52
DA:201,52
DA:216,0
DA:227,0
DA:232,14
DA:240,1
DA:256,2
DA:257,2
DA:262,2
DA:263,2
DA:265,0
LF:69
LH:63
BRDA:68,0,0,41
BRDA:68,0,1,13
BRDA:73,1,0,39
BRDA:73,1,1,13
BRDA:92,2,0,14
BRDA:92,2,1,10
BRDA:92,2,2,8
BRDA:92,2,3,6
BRDA:96,3,0,7
BRDA:96,3,1,7
BRDA:100,4,0,2
BRDA:100,4,1,5
BRDA:128,5,0,2
BRDA:128,5,1,4
BRDA:137,6,0,1
BRDA:137,6,1,2
BRDA:159,7,0,2
BRDA:159,7,1,1
BRDA:168,8,0,13
BRDA:168,8,1,39
BRDA:188,9,0,50
BRDA:188,9,1,2
BRDA:200,10,0,52
BRDA:200,10,1,0
BRF:24
BRH:23
end_of_record
TN:
SF:/home/risto-matti/rm_projects/near_buy/react-native/src/components/items/Items.js
FN:12,(anonymous_0)
FN:16,(anonymous_1)
FN:23,(anonymous_2)
FN:29,(anonymous_3)
FN:36,(anonymous_4)
FN:40,(anonymous_5)
FN:46,(anonymous_6)
FN:50,(anonymous_7)
FN:56,(anonymous_8)
FN:57,(anonymous_9)
FN:60,(anonymous_10)
FN:65,(anonymous_11)
FN:80,(anonymous_12)
FN:90,(anonymous_13)
FN:96,(anonymous_14)
FN:101,(anonymous_15)
FN:110,(anonymous_16)
FN:117,(anonymous_17)
FN:119,(anonymous_18)
FNF:19
FNH:11
FNDA:3,(anonymous_0)
FNDA:6,(anonymous_1)
FNDA:0,(anonymous_2)
FNDA:0,(anonymous_3)
FNDA:3,(anonymous_4)
FNDA:3,(anonymous_5)
FNDA:0,(anonymous_6)
FNDA:3,(anonymous_7)
FNDA:3,(anonymous_8)
FNDA:3,(anonymous_9)
FNDA:0,(anonymous_10)
FNDA:4,(anonymous_11)
FNDA:7,(anonymous_12)
FNDA:24,(anonymous_13)
FNDA:7,(anonymous_14)
FNDA:0,(anonymous_15)
FNDA:0,(anonymous_16)
FNDA:0,(anonymous_17)
FNDA:0,(anonymous_18)
DA:13,3
DA:14,3
DA:16,6
DA:24,0
DA:25,0
DA:29,0
DA:37,3
DA:41,3
DA:42,3
DA:43,3
DA:47,0
DA:51,3
DA:52,3
DA:56,3
DA:58,3
DA:61,0
DA:66,4
DA:67,0
DA:72,4
DA:81,7
DA:82,3
DA:84,4
DA:85,0
DA:87,4
DA:90,24
DA:97,7
DA:101,0
DA:110,2
DA:111,0
DA:117,2
DA:118,0
DA:120,0
LF:32
LH:21
BRDA:66,0,0,0
BRDA:66,0,1,4
BRDA:81,1,0,3
BRDA:81,1,1,4
BRDA:84,2,0,0
BRDA:84,2,1,4
BRF:6
BRH:4
end_of_record
TN:
SF:/home/risto-matti/rm_projects/near_buy/react-native/src/components/items/ListViewItem.js
FN:6,(anonymous_0)
FNF:1
FNH:1
FNDA:25,(anonymous_0)
DA:7,25
LF:1
LH:1
BRF:0
BRH:0
end_of_record
TN:
SF:/home/risto-matti/rm_projects/near_buy/react-native/src/components/new_item/ImageRow.js
FN:9,(anonymous_0)
FN:18,(anonymous_1)
FN:25,(anonymous_2)
FN:30,(anonymous_3)
FN:32,(anonymous_4)
FN:38,(anonymous_5)
FN:44,(anonymous_6)
FN:45,(anonymous_7)
FN:48,(anonymous_8)
FN:54,(anonymous_9)
FN:55,(anonymous_10)
FN:58,(anonymous_11)
FN:66,(anonymous_12)
FN:71,(anonymous_13)
FN:74,(anonymous_14)
FN:83,(anonymous_15)
FNF:16
FNH:11
FNDA:8,(anonymous_0)
FNDA:2,(anonymous_1)
FNDA:0,(anonymous_2)
FNDA:0,(anonymous_3)
FNDA:0,(anonymous_4)
FNDA:1,(anonymous_5)
FNDA:1,(anonymous_6)
FNDA:0,(anonymous_7)
FNDA:1,(anonymous_8)
FNDA:1,(anonymous_9)
FNDA:0,(anonymous_10)
FNDA:10,(anonymous_11)
FNDA:1,(anonymous_12)
FNDA:6,(anonymous_13)
FNDA:1,(anonymous_14)
FNDA:8,(anonymous_15)
DA:10,8
DA:11,8
DA:12,8
DA:13,8
DA:14,8
DA:15,8
DA:19,2
DA:30,0
DA:32,0
DA:39,1
DA:44,1
DA:45,0
DA:49,1
DA:54,1
DA:55,0
DA:59,10
DA:66,1
DA:72,6
DA:73,6
DA:74,1
DA:84,8
DA:98,2
LF:22
LH:18
BRDA:72,0,0,3
BRDA:72,0,1,3
BRDA:86,1,0,5
BRDA:86,1,1,3
BRDA:90,2,0,5
BRDA:90,2,1,3
BRF:6
BRH:6
end_of_record
TN:
SF:/home/risto-matti/rm_projects/near_buy/react-native/src/components/new_item/ItemDetails.js
FN:7,(anonymous_0)
FN:20,(anonymous_1)
FN:25,(anonymous_2)
FN:30,(anonymous_3)
FN:44,(anonymous_4)
FN:55,(anonymous_5)
FN:69,(anonymous_6)
FN:82,(anonymous_7)
FNF:8
FNH:8
FNDA:4,(anonymous_0)
FNDA:3,(anonymous_1)
FNDA:3,(anonymous_2)
FNDA:3,(anonymous_3)
FNDA:13,(anonymous_4)
FNDA:3,(anonymous_5)
FNDA:3,(anonymous_6)
FNDA:3,(anonymous_7)
DA:8,4
DA:9,4
DA:15,4
DA:16,4
DA:17,4
DA:21,3
DA:22,3
DA:26,3
DA:27,3
DA:31,3
DA:32,3
DA:34,3
DA:35,29
DA:36,9
DA:40,3
DA:41,3
DA:45,13
DA:55,3
DA:69,3
DA:82,3
DA:92,2
LF:21
LH:21
BRDA:35,0,0,9
BRDA:35,0,1,20
BRF:2
BRH:2
end_of_record
TN:
SF:/home/risto-matti/rm_projects/near_buy/react-native/src/components/new_item/NewItem.js
FN:32,(anonymous_0)
FN:51,(anonymous_1)
FN:61,(anonymous_2)
FN:69,(anonymous_3)
FN:85,(anonymous_4)
FN:86,(anonymous_5)
FN:89,(anonymous_6)
FN:94,(anonymous_7)
FN:102,(anonymous_8)
FN:106,(anonymous_9)
FN:114,(anonymous_10)
FN:115,(anonymous_11)
FN:122,(anonymous_12)
FN:126,(anonymous_13)
FN:130,(anonymous_14)
FN:134,(anonymous_15)
FNF:16
FNH:15
FNDA:8,(anonymous_0)
FNDA:2,(anonymous_1)
FNDA:1,(anonymous_2)
FNDA:2,(anonymous_3)
FNDA:1,(anonymous_4)
FNDA:1,(anonymous_5)
FNDA:0,(anonymous_6)
FNDA:3,(anonymous_7)
FNDA:16,(anonymous_8)
FNDA:1,(anonymous_9)
FNDA:1,(anonymous_10)
FNDA:1,(anonymous_11)
FNDA:1,(anonymous_12)
FNDA:1,(anonymous_13)
FNDA:1,(anonymous_14)
FNDA:16,(anonymous_15)
DA:21,1
DA:26,1
DA:33,8
DA:34,8
DA:41,8
DA:42,8
DA:43,8
DA:44,8
DA:52,2
DA:53,2
DA:54,2
DA:58,2
DA:62,1
DA:66,1
DA:70,2
DA:71,2
DA:72,1
DA:73,1
DA:75,1
DA:76,1
DA:85,1
DA:87,1
DA:90,0
DA:95,3
DA:96,1
DA:98,2
DA:103,16
DA:106,1
DA:115,1
DA:116,1
DA:117,1
DA:118,1
DA:123,1
DA:127,1
DA:131,1
DA:135,16
DA:141,16
DA:147,16
DA:153,16
LF:39
LH:38
BRDA:71,0,0,1
BRDA:71,0,1,1
BRDA:71,1,0,2
BRDA:71,1,1,1
BRDA:71,1,2,1
BRDA:95,2,0,1
BRDA:95,2,1,2
BRDA:95,3,0,3
BRDA:95,3,1,2
BRF:9
BRH:9
end_of_record
TN:
SF:/home/risto-matti/rm_projects/near_buy/react-native/src/networking/networking.js
FN:8,(anonymous_0)
FN:13,(anonymous_1)
FN:20,(anonymous_2)
FN:25,(anonymous_3)
FNF:4
FNH:4
FNDA:6,(anonymous_0)
FNDA:4,(anonymous_1)
FNDA:7,(anonymous_2)
FNDA:5,(anonymous_3)
DA:1,3
DA:3,3
DA:8,3
DA:9,6
DA:10,6
DA:13,3
DA:14,4
DA:15,4
DA:16,4
DA:17,4
DA:20,3
DA:21,7
DA:22,7
DA:25,5
LF:14
LH:14
BRF:0
BRH:0
end_of_record
TN:
SF:/home/risto-matti/rm_projects/near_buy/react-native/src/static/constants.js
FNF:0
FNH:0
DA:3,7
DA:5,7
DA:6,7
DA:7,7
DA:9,7
DA:10,7
DA:11,7
DA:12,7
DA:13,7
LF:9
LH:9
BRDA:5,0,0,7
BRDA:5,0,1,0
BRF:2
BRH:1
end_of_record
TN:
SF:/home/risto-matti/rm_projects/near_buy/react-native/src/static/images/logo.png
FNF:0
FNH:0
DA:1,7
LF:1
LH:1
BRF:0
BRH:0
end_of_record
TN:
SF:/home/risto-matti/rm_projects/near_buy/react-native/src/static/samples/ItemSample.js
FNF:0
FNH:0
DA:1,2
LF:1
LH:1
BRF:0
BRH:0
end_of_record
TN:
SF:/home/risto-matti/rm_projects/near_buy/react-native/src/static/samples/loginAndRegisteringSamples.js
FNF:0
FNH:0
DA:1,1
DA:8,1
DA:12,1
DA:16,1
LF:4
LH:4
BRF:0
BRH:0
end_of_record
TN:
SF:/home/risto-matti/rm_projects/near_buy/react-native/src/static/samples/mockedListViewItem.js
FNF:0
FNH:0
DA:1,1
LF:1
LH:1
BRF:0
BRH:0
end_of_record
TN:
SF:/home/risto-matti/rm_projects/near_buy/react-native/src/static/styles/ItemsStyles.js
FNF:0
FNH:0
DA:3,2
LF:1
LH:1
BRF:0
BRH:0
end_of_record
TN:
SF:/home/risto-matti/rm_projects/near_buy/react-native/src/static/styles/ListViewItemStyle.js
FNF:0
FNH:0
DA:4,3
LF:1
LH:1
BRF:0
BRH:0
end_of_record
TN:
SF:/home/risto-matti/rm_projects/near_buy/react-native/src/static/styles/LoginStyles.js
FNF:0
FNH:0
DA:5,2
DA:6,2
DA:8,2
LF:3
LH:3
BRF:0
BRH:0
end_of_record
TN:
SF:/home/risto-matti/rm_projects/near_buy/react-native/src/static/styles/NewItemStyles.js
FNF:0
FNH:0
DA:5,3
DA:7,3
DA:8,3
DA:16,3
LF:4
LH:4
BRF:0
BRH:0
end_of_record
TN:
SF:/home/risto-matti/rm_projects/near_buy/react-native/src/static/styles/baseStyles.js
FNF:0
FNH:0
DA:3,5
DA:4,5
DA:6,5
LF:3
LH:3
BRDA:6,0,0,5
BRDA:6,0,1,0
BRF:2
BRH:1
end_of_record
